TN:
SF:src\cli.test.ts
FNF:26
FNH:26
DA:1,50
DA:2,29
DA:3,200
DA:6,45
DA:7,97
DA:8,70
DA:9,4
DA:11,57
DA:12,70
DA:13,4
DA:15,82
DA:16,70
DA:17,3
DA:18,3
DA:20,39
DA:21,18
DA:22,22
DA:23,22
DA:24,12
DA:25,20
DA:26,15
DA:27,4
DA:29,43
DA:30,86
DA:31,19
DA:32,20
DA:33,18
DA:34,5
DA:35,4
DA:37,49
DA:38,103
DA:39,25
DA:40,24
DA:41,19
DA:42,5
DA:43,3
DA:44,3
DA:46,38
DA:47,35
DA:48,55
DA:49,50
DA:50,4
DA:52,43
DA:53,44
DA:54,42
DA:55,4
DA:57,48
DA:58,97
DA:59,98
DA:60,98
DA:61,3
DA:62,3
DA:64,46
DA:65,46
DA:66,56
DA:67,4
DA:69,51
DA:70,107
DA:71,106
DA:72,3
DA:73,3
DA:75,43
DA:76,79
DA:77,47
DA:78,12
DA:79,19
DA:80,16
DA:81,17
DA:82,16
DA:83,13
DA:84,28
DA:85,9
DA:86,7
DA:87,46
DA:88,4
DA:90,74
DA:91,47
DA:92,12
DA:93,19
DA:94,16
DA:95,17
DA:96,16
DA:97,13
DA:98,27
DA:99,9
DA:100,7
DA:101,46
DA:102,4
DA:104,35
DA:105,47
DA:106,12
DA:107,19
DA:108,16
DA:109,17
DA:110,16
DA:111,13
DA:112,12
DA:113,7
DA:114,34
DA:115,3
DA:116,3
DA:118,35
DA:119,61
DA:120,84
DA:121,4
DA:123,68
DA:124,98
DA:125,3
DA:126,2
LF:109
LH:109
end_of_record
TN:
SF:src\cli.ts
FNF:19
FNH:10
DA:2,65
DA:3,29
DA:4,36
DA:5,238
DA:17,45
DA:18,48
DA:19,175
DA:29,57
DA:30,53
DA:31,83
DA:32,54
DA:33,55
DA:34,98
DA:59,65
DA:60,85
DA:61,48
DA:63,21
DA:64,46
DA:65,13
DA:66,2
DA:67,56
DA:68,64
DA:69,64
DA:70,2
DA:71,21
DA:74,19
DA:75,27
DA:76,0
DA:77,2
DA:78,45
DA:79,49
DA:80,64
DA:81,2
DA:82,14
DA:85,15
DA:86,30
DA:87,8
DA:88,73
DA:89,56
DA:90,56
DA:91,109
DA:92,91
DA:93,125
DA:94,98
DA:95,115
DA:96,65
DA:97,74
DA:98,81
DA:99,121
DA:100,87
DA:101,70
DA:102,60
DA:103,62
DA:104,113
DA:105,64
DA:106,69
DA:107,65
DA:108,73
DA:109,69
DA:110,84
DA:111,76
DA:112,71
DA:113,95
DA:114,88
DA:116,22
DA:117,32
DA:131,4
DA:132,56
DA:133,68
DA:134,51
DA:135,0
DA:136,2
DA:137,64
DA:138,0
DA:139,2
DA:140,60
DA:141,34
DA:142,0
DA:143,2
DA:144,53
DA:145,118
DA:146,24
DA:147,15
DA:148,11
DA:149,19
DA:150,52
DA:151,33
DA:152,38
DA:153,50
DA:154,48
DA:155,44
DA:156,50
DA:157,46
DA:158,90
DA:159,16
DA:160,19
DA:161,4
DA:162,21
DA:163,0
DA:164,2
DA:165,39
DA:166,0
DA:167,2
DA:168,14
DA:171,0
DA:172,1
DA:175,21
DA:176,32
DA:177,0
DA:178,2
DA:179,56
DA:180,67
DA:183,21
DA:184,77
DA:185,56
DA:188,0
DA:189,1
DA:192,18
DA:193,32
DA:194,13
DA:195,93
DA:196,19
DA:197,95
DA:198,0
DA:199,0
DA:200,0
DA:201,0
DA:202,0
DA:203,0
DA:205,1
DA:210,19
DA:211,95
DA:212,45
DA:215,23
DA:216,54
DA:217,41
DA:218,48
DA:219,29
DA:220,115
DA:223,24
DA:224,51
DA:225,51
DA:226,95
DA:227,41
DA:230,0
DA:231,0
DA:232,0
DA:233,0
DA:234,0
DA:238,0
DA:239,0
DA:240,0
DA:241,0
DA:242,0
DA:243,0
DA:244,0
DA:248,0
DA:249,0
DA:250,0
DA:251,0
DA:252,0
DA:253,0
DA:254,0
DA:255,0
DA:259,0
DA:260,0
DA:264,0
DA:269,0
DA:270,0
DA:271,0
DA:272,0
DA:273,0
DA:274,0
DA:275,0
DA:276,0
DA:277,0
DA:278,0
DA:279,0
DA:280,0
DA:281,0
DA:282,0
DA:283,0
DA:284,0
DA:285,0
DA:286,0
DA:287,0
DA:288,0
DA:289,0
DA:290,0
DA:291,0
DA:292,0
DA:293,0
DA:294,0
DA:295,0
DA:296,0
DA:297,0
DA:298,0
DA:299,0
DA:300,0
DA:301,0
DA:302,0
DA:303,0
DA:304,0
DA:305,0
DA:306,0
DA:307,0
DA:308,0
DA:309,0
DA:310,0
DA:311,0
DA:312,0
DA:313,0
DA:314,0
DA:315,0
DA:316,0
DA:317,0
DA:318,0
DA:319,0
DA:320,0
DA:321,0
DA:322,0
DA:323,0
DA:324,0
DA:325,0
DA:326,0
DA:327,0
DA:328,0
DA:329,0
DA:330,0
DA:331,0
DA:332,0
DA:333,0
DA:334,0
DA:335,0
DA:336,0
DA:337,0
DA:338,0
DA:339,0
DA:340,0
DA:341,0
DA:342,0
DA:343,0
DA:344,0
DA:345,0
DA:346,0
DA:347,0
DA:348,0
DA:349,0
DA:350,0
DA:351,0
DA:352,0
DA:353,0
DA:354,0
DA:355,0
DA:356,0
DA:357,0
DA:358,0
DA:359,0
DA:360,0
DA:361,0
DA:362,0
DA:363,0
DA:364,0
DA:365,0
DA:366,0
DA:367,0
DA:368,0
DA:369,0
DA:370,0
DA:371,0
DA:372,0
DA:373,0
DA:374,0
DA:375,0
DA:376,0
DA:377,0
DA:378,0
DA:379,0
DA:380,0
DA:381,0
DA:382,0
DA:383,0
DA:384,0
DA:385,0
DA:386,0
DA:387,0
DA:388,0
DA:389,0
DA:390,0
DA:391,0
DA:392,0
DA:393,0
DA:394,0
DA:395,0
DA:396,0
DA:397,0
DA:398,0
DA:399,0
DA:400,0
DA:401,0
DA:402,0
DA:403,0
DA:404,0
DA:405,0
DA:406,0
DA:407,0
DA:408,0
DA:409,0
DA:410,0
DA:411,0
DA:412,0
DA:413,0
DA:414,0
DA:415,0
DA:416,0
DA:417,0
DA:418,0
DA:419,0
DA:420,0
DA:421,0
DA:422,0
DA:423,0
DA:424,0
DA:425,0
DA:426,0
DA:427,0
DA:428,0
DA:429,0
DA:430,0
DA:431,0
DA:432,0
DA:433,0
DA:434,0
DA:435,0
DA:436,0
DA:437,0
DA:438,0
DA:439,0
DA:440,0
DA:441,0
DA:442,0
DA:443,0
DA:444,0
DA:445,0
DA:446,0
DA:447,0
DA:448,0
DA:449,0
DA:450,0
DA:451,0
DA:452,0
DA:453,0
DA:454,0
DA:455,0
DA:456,0
DA:457,0
DA:458,0
DA:459,0
DA:460,0
DA:461,0
DA:462,0
DA:463,0
DA:464,0
DA:465,0
DA:466,0
DA:467,0
DA:468,0
DA:469,0
DA:470,0
DA:471,0
DA:472,0
DA:473,0
DA:474,0
DA:475,0
DA:476,0
DA:477,0
DA:478,0
DA:479,0
DA:480,0
DA:481,0
DA:482,0
DA:483,0
DA:484,0
DA:485,0
DA:486,0
DA:487,0
DA:488,0
DA:489,0
DA:490,0
DA:491,0
DA:492,0
DA:493,0
DA:494,0
DA:495,0
DA:496,0
DA:497,0
DA:498,0
DA:499,0
DA:500,0
DA:501,0
DA:502,0
DA:503,0
DA:504,0
DA:505,0
DA:506,0
DA:507,0
DA:508,0
DA:509,0
DA:510,0
DA:511,0
DA:512,0
DA:513,0
DA:514,0
DA:515,0
DA:516,0
DA:517,0
DA:518,0
DA:519,0
DA:520,0
DA:521,0
DA:522,0
DA:523,0
DA:524,0
DA:525,0
DA:526,0
DA:527,0
DA:528,0
DA:529,0
DA:530,0
DA:531,0
DA:532,0
DA:533,0
DA:534,0
DA:535,0
DA:536,0
DA:537,0
DA:538,0
DA:539,0
DA:540,0
DA:541,0
DA:542,0
DA:543,0
DA:544,0
DA:545,0
DA:546,0
DA:547,0
DA:548,0
DA:549,0
DA:550,0
DA:551,0
DA:552,0
DA:553,0
DA:554,0
DA:555,0
DA:556,0
DA:557,0
DA:558,0
DA:559,0
DA:560,0
DA:561,0
DA:562,0
DA:563,0
DA:564,0
DA:565,0
DA:566,0
DA:567,0
DA:568,0
DA:569,0
DA:570,0
DA:571,0
DA:572,0
DA:573,0
DA:574,0
DA:575,0
DA:576,0
DA:577,0
DA:578,0
DA:579,0
DA:580,0
DA:581,0
DA:582,0
DA:583,0
DA:584,0
DA:585,0
DA:586,0
DA:587,0
DA:588,0
DA:589,0
DA:590,0
DA:591,0
DA:592,0
DA:593,0
DA:594,0
DA:595,0
DA:596,0
DA:597,0
DA:598,0
DA:599,0
DA:600,0
DA:601,0
DA:602,0
DA:603,0
DA:604,0
DA:605,0
DA:606,0
DA:607,0
DA:608,0
DA:609,0
DA:610,0
DA:611,0
DA:612,0
DA:613,0
DA:614,0
DA:615,0
DA:616,0
DA:617,0
DA:618,0
DA:619,0
DA:620,0
DA:621,0
DA:622,0
DA:623,0
DA:624,0
DA:625,0
DA:626,0
DA:627,0
DA:628,0
DA:629,0
DA:630,0
DA:631,0
DA:632,0
DA:633,0
DA:634,0
DA:635,0
DA:636,0
DA:637,0
DA:638,0
DA:639,0
DA:640,0
DA:641,0
DA:642,0
DA:643,0
DA:644,0
DA:645,0
DA:646,0
DA:647,0
DA:648,0
DA:649,0
DA:650,0
DA:651,0
DA:652,0
DA:653,0
DA:654,0
DA:655,0
DA:656,0
DA:657,0
DA:658,0
DA:659,0
DA:660,0
DA:661,0
DA:662,0
DA:663,0
DA:664,0
DA:665,0
DA:666,0
DA:667,0
DA:668,0
DA:669,0
DA:670,0
DA:671,0
DA:672,0
DA:673,0
DA:674,0
DA:675,0
DA:676,0
DA:677,0
DA:678,0
DA:679,0
DA:680,0
DA:681,0
DA:682,0
DA:683,0
DA:684,0
DA:685,0
DA:686,0
DA:687,0
DA:688,0
DA:689,0
DA:690,0
DA:691,0
DA:692,0
DA:693,0
DA:694,0
DA:695,0
DA:696,0
DA:697,0
DA:698,0
DA:699,0
DA:700,0
DA:701,0
DA:702,0
DA:703,0
DA:704,0
DA:705,0
DA:706,0
DA:707,0
DA:708,0
DA:709,0
DA:710,0
DA:711,0
DA:712,0
DA:713,0
DA:714,0
DA:715,0
DA:716,0
DA:717,0
DA:718,0
DA:719,0
DA:720,0
DA:721,0
DA:722,0
DA:723,0
DA:724,0
DA:725,0
DA:726,0
DA:727,0
DA:728,0
DA:729,0
DA:730,0
DA:731,0
DA:732,0
DA:733,0
DA:734,0
DA:735,0
DA:736,0
DA:737,0
DA:738,0
DA:739,0
DA:740,0
DA:741,0
DA:742,0
DA:743,0
DA:744,0
DA:745,0
DA:746,0
DA:747,0
DA:748,0
DA:749,0
DA:750,0
DA:751,0
DA:752,0
DA:753,0
DA:754,0
DA:755,0
DA:756,0
DA:757,0
DA:758,0
DA:759,0
DA:760,0
DA:761,0
DA:762,0
DA:763,0
DA:764,0
DA:765,0
DA:766,0
DA:767,0
DA:768,0
DA:769,0
DA:770,0
DA:771,0
DA:772,0
DA:773,0
DA:774,0
DA:775,0
DA:776,0
DA:777,0
DA:778,0
DA:779,0
DA:780,0
DA:781,0
DA:782,0
DA:783,0
DA:784,0
DA:785,0
DA:786,0
DA:787,0
DA:788,0
DA:789,0
DA:790,0
DA:791,0
DA:792,0
DA:793,0
DA:794,0
DA:795,0
DA:796,0
DA:797,0
DA:798,0
DA:799,0
DA:800,0
DA:801,0
DA:802,0
DA:803,0
DA:804,0
DA:805,0
DA:806,0
DA:807,0
DA:808,0
DA:809,0
DA:810,0
DA:811,0
DA:812,0
DA:813,0
DA:814,0
DA:815,0
DA:816,0
DA:817,0
DA:818,0
DA:819,0
DA:820,0
DA:821,0
DA:822,0
DA:823,0
DA:824,0
DA:825,0
DA:826,0
DA:827,0
DA:828,0
DA:829,0
DA:830,0
DA:831,0
DA:832,0
DA:833,0
DA:834,0
DA:835,0
DA:836,0
DA:837,0
DA:838,0
DA:839,0
DA:840,0
DA:841,0
DA:842,0
DA:843,0
DA:844,0
DA:845,0
DA:846,0
DA:847,0
DA:848,0
DA:849,0
DA:850,0
DA:851,0
DA:852,0
DA:853,0
DA:854,0
DA:855,0
DA:856,0
DA:857,0
DA:858,0
DA:859,0
DA:860,0
DA:861,0
DA:862,0
DA:863,0
DA:864,0
DA:865,0
DA:866,0
DA:867,0
DA:868,0
DA:869,0
DA:870,0
DA:871,0
DA:872,0
DA:873,0
DA:874,0
DA:875,0
DA:876,0
DA:877,0
DA:878,0
DA:879,0
DA:880,0
DA:881,0
DA:882,0
DA:883,0
DA:884,0
DA:885,0
DA:886,0
DA:887,0
DA:888,0
DA:889,0
DA:890,0
DA:891,0
DA:892,0
DA:893,0
DA:894,0
DA:895,0
DA:896,0
DA:897,0
DA:898,0
DA:899,0
DA:900,0
DA:901,0
DA:902,0
DA:903,0
DA:904,0
DA:905,0
DA:906,0
DA:907,0
DA:908,0
DA:909,0
DA:910,0
DA:911,0
DA:912,0
DA:913,0
DA:914,0
DA:915,0
DA:916,0
DA:917,0
DA:918,0
DA:919,0
DA:920,0
DA:921,0
DA:922,0
DA:923,0
DA:924,0
DA:925,0
DA:926,0
DA:927,0
DA:928,0
DA:929,0
DA:930,0
DA:931,0
DA:932,0
DA:933,0
DA:934,0
DA:935,0
DA:936,0
DA:937,0
DA:938,0
DA:939,0
DA:940,0
DA:941,0
DA:942,0
DA:943,0
DA:944,0
DA:945,0
DA:946,0
DA:947,0
DA:948,0
DA:949,0
DA:950,0
DA:951,0
DA:952,0
DA:953,0
DA:954,0
DA:955,0
DA:956,0
DA:957,0
DA:958,0
DA:959,0
DA:960,0
DA:961,0
DA:962,0
DA:963,0
DA:964,0
DA:965,0
DA:966,0
DA:967,0
DA:968,0
DA:969,0
DA:970,0
DA:971,0
DA:972,0
DA:973,0
DA:974,0
DA:975,0
DA:976,0
DA:977,0
DA:978,0
DA:979,0
DA:980,0
DA:981,0
DA:982,0
DA:983,0
DA:984,0
DA:985,0
DA:986,0
DA:987,0
DA:988,0
DA:989,0
DA:990,0
DA:991,0
DA:992,0
DA:993,0
DA:994,0
DA:995,0
DA:996,0
DA:997,0
DA:998,0
DA:999,0
DA:1000,0
DA:1001,0
DA:1002,0
DA:1003,0
DA:1004,0
DA:1005,0
DA:1006,0
DA:1007,0
DA:1008,0
DA:1009,0
DA:1010,0
DA:1011,0
DA:1012,0
DA:1013,0
DA:1014,0
DA:1015,0
DA:1016,0
DA:1017,0
DA:1018,0
DA:1019,0
DA:1020,0
DA:1021,0
DA:1022,0
DA:1023,0
DA:1024,0
DA:1025,0
DA:1026,0
DA:1027,0
DA:1028,0
DA:1029,0
DA:1030,0
DA:1031,0
DA:1032,0
DA:1033,0
DA:1034,0
DA:1035,0
DA:1036,0
DA:1037,0
DA:1038,0
DA:1039,0
DA:1040,0
DA:1041,0
DA:1042,0
DA:1043,0
DA:1044,0
DA:1045,0
DA:1046,0
DA:1047,0
DA:1048,0
DA:1049,0
DA:1050,0
DA:1051,0
DA:1052,0
DA:1053,0
DA:1054,0
DA:1055,0
DA:1056,0
DA:1057,0
DA:1058,0
DA:1059,0
DA:1060,0
DA:1061,0
DA:1062,0
DA:1063,0
DA:1064,0
DA:1065,0
DA:1066,0
DA:1067,0
DA:1068,0
DA:1069,0
DA:1070,0
DA:1071,0
DA:1072,0
DA:1073,0
DA:1074,0
DA:1075,0
DA:1076,0
DA:1077,0
DA:1078,0
DA:1079,0
DA:1080,0
DA:1081,0
DA:1082,0
DA:1083,0
DA:1084,0
DA:1085,0
DA:1086,0
DA:1087,0
DA:1088,0
DA:1089,0
DA:1090,0
DA:1091,0
DA:1092,0
DA:1093,0
DA:1094,0
DA:1095,0
DA:1096,0
DA:1097,0
DA:1098,0
DA:1099,0
DA:1100,0
DA:1101,0
DA:1102,0
DA:1103,0
DA:1104,0
DA:1105,0
DA:1106,0
DA:1107,0
DA:1108,0
DA:1109,0
DA:1110,0
DA:1111,0
DA:1112,0
DA:1113,0
DA:1114,0
DA:1115,0
DA:1116,0
DA:1117,0
DA:1118,0
DA:1119,0
DA:1120,0
DA:1121,0
DA:1122,0
DA:1123,0
DA:1124,0
DA:1125,0
DA:1126,0
DA:1127,0
DA:1128,0
DA:1129,0
DA:1130,0
DA:1131,0
DA:1132,0
DA:1133,0
DA:1134,0
DA:1135,0
DA:1136,0
DA:1137,0
DA:1138,0
DA:1139,0
DA:1140,0
DA:1141,0
DA:1142,0
DA:1143,0
DA:1144,0
DA:1145,0
DA:1146,0
DA:1147,0
DA:1148,0
DA:1149,0
DA:1150,0
DA:1151,0
DA:1152,0
DA:1153,0
DA:1154,0
DA:1155,0
DA:1156,0
DA:1157,0
DA:1158,0
DA:1159,0
DA:1160,0
DA:1161,0
DA:1162,0
DA:1163,0
DA:1164,0
DA:1165,0
DA:1166,0
DA:1167,0
DA:1168,0
DA:1169,0
DA:1170,0
DA:1171,0
DA:1172,0
DA:1173,0
DA:1174,0
DA:1175,0
DA:1176,0
DA:1177,0
DA:1178,0
DA:1179,0
DA:1180,0
DA:1181,0
DA:1182,0
DA:1183,0
DA:1184,0
DA:1185,0
DA:1186,0
DA:1187,0
DA:1188,0
DA:1189,0
DA:1190,0
DA:1191,0
DA:1192,0
DA:1193,0
DA:1194,0
DA:1195,0
DA:1196,0
DA:1197,0
DA:1198,0
DA:1199,0
DA:1200,0
DA:1201,0
DA:1202,0
DA:1203,0
DA:1204,0
DA:1205,0
DA:1206,0
DA:1207,0
DA:1208,0
DA:1209,0
DA:1210,0
DA:1211,0
DA:1212,0
DA:1213,0
DA:1214,0
DA:1215,0
DA:1216,0
DA:1217,0
DA:1218,0
DA:1219,0
DA:1220,0
DA:1221,0
DA:1222,0
DA:1223,0
DA:1224,0
DA:1225,0
DA:1226,0
DA:1227,0
DA:1228,0
DA:1229,0
DA:1230,0
DA:1231,0
DA:1232,0
DA:1233,0
DA:1234,0
DA:1235,0
DA:1236,0
DA:1237,0
DA:1238,0
DA:1239,0
DA:1240,0
DA:1241,0
DA:1242,0
DA:1243,0
DA:1244,0
DA:1245,0
DA:1246,0
DA:1247,0
DA:1248,0
DA:1249,0
DA:1250,0
DA:1251,0
DA:1252,0
DA:1253,0
DA:1254,0
DA:1255,0
DA:1256,0
DA:1257,0
DA:1258,0
DA:1259,0
DA:1260,0
DA:1261,0
DA:1262,0
DA:1263,0
DA:1264,0
DA:1265,0
DA:1266,0
DA:1267,0
DA:1268,0
DA:1269,0
DA:1270,0
DA:1271,0
DA:1272,0
DA:1273,0
DA:1274,0
DA:1275,0
DA:1276,0
DA:1277,0
DA:1278,0
DA:1279,0
DA:1280,0
DA:1281,0
DA:1282,0
DA:1283,0
DA:1284,0
DA:1285,0
DA:1286,0
DA:1287,0
DA:1288,0
DA:1289,0
DA:1290,0
DA:1291,0
DA:1292,0
DA:1293,0
DA:1294,0
DA:1295,0
DA:1296,0
DA:1297,0
DA:1298,0
DA:1299,0
DA:1300,0
DA:1301,0
DA:1302,0
DA:1303,0
DA:1304,0
DA:1305,0
DA:1306,0
DA:1307,0
DA:1308,0
DA:1309,0
DA:1310,0
DA:1311,0
DA:1312,0
DA:1313,0
DA:1314,0
DA:1315,0
DA:1316,0
DA:1317,0
DA:1318,0
DA:1319,0
DA:1320,0
DA:1321,0
DA:1322,0
DA:1323,0
DA:1324,0
DA:1325,0
DA:1326,0
DA:1327,0
DA:1328,0
DA:1329,0
DA:1330,0
DA:1331,0
DA:1332,0
DA:1333,0
DA:1334,0
DA:1335,0
DA:1336,0
DA:1337,0
DA:1338,0
DA:1339,0
DA:1340,0
DA:1341,0
DA:1342,0
DA:1343,0
DA:1344,0
DA:1345,0
DA:1346,0
DA:1347,0
DA:1348,0
DA:1349,0
DA:1350,0
DA:1351,0
DA:1352,1
DA:1355,20
DA:1356,0
DA:1357,0
DA:1358,0
DA:1359,0
DA:1360,0
DA:1361,0
DA:1363,0
LF:1259
LH:131
end_of_record
TN:
SF:src\config.ts
FNF:6
FNH:4
DA:1,24
DA:4,36
DA:5,44
DA:6,42
DA:7,40
DA:8,38
DA:9,35
DA:10,2
DA:11,57
DA:12,39
DA:13,31
DA:14,41
DA:15,43
DA:16,29
DA:17,38
DA:18,39
DA:19,40
DA:20,31
DA:21,44
DA:23,31
DA:24,9
DA:25,60
DA:27,0
DA:28,1
DA:31,0
DA:32,0
DA:33,0
DA:34,1
DA:37,16
DA:38,41
DA:41,41
DA:42,40
DA:45,22
DA:46,49
DA:47,12
DA:48,28
DA:49,30
DA:50,8
DA:51,8
DA:52,2
DA:55,26
DA:56,42
LF:42
LH:38
end_of_record
TN:
SF:src\diagnostics\report-summary.test.ts
FNF:9
FNH:9
DA:1,50
DA:2,127
DA:10,20
DA:11,12
DA:12,18
DA:13,19
DA:14,26
DA:15,23
DA:16,23
DA:17,23
DA:18,33
DA:19,29
DA:20,22
DA:21,25
DA:22,25
DA:23,26
DA:24,36
DA:25,34
DA:26,27
DA:27,30
DA:28,28
DA:29,33
DA:30,33
DA:31,23
DA:32,43
DA:33,11
DA:34,1
DA:37,18
DA:38,12
DA:39,18
DA:40,79
DA:41,18
DA:42,25
DA:43,28
DA:44,14
DA:45,2
DA:48,34
DA:49,64
DA:50,125
DA:51,43
DA:52,46
DA:53,4
DA:55,89
DA:56,50
DA:57,20
DA:58,27
DA:59,33
DA:60,27
DA:61,40
DA:62,34
DA:63,6
DA:64,67
DA:65,62
DA:66,65
DA:67,64
DA:68,62
DA:69,63
DA:70,4
DA:72,95
DA:73,23
DA:74,96
DA:75,97
DA:76,94
DA:77,6
DA:78,67
DA:79,67
DA:80,4
DA:82,72
DA:83,54
DA:84,110
DA:85,36
DA:86,47
DA:87,53
DA:88,90
DA:89,4
DA:91,54
DA:92,39
DA:93,40
DA:94,44
DA:95,41
DA:96,3
DA:97,2
LF:82
LH:82
end_of_record
TN:
SF:src\diagnostics\report-summary.ts
FNF:21
FNH:21
DA:10,16
DA:11,31
DA:12,21
DA:13,32
DA:14,31
DA:15,11
DA:18,16
DA:19,19
DA:20,5
DA:21,20
DA:22,5
DA:23,19
DA:24,0
DA:25,1
DA:29,23
DA:30,105
DA:33,6
DA:34,9
DA:35,10
DA:36,3
DA:37,25
DA:38,0
DA:39,2
DA:40,107
DA:41,112
DA:42,116
DA:43,164
DA:44,166
DA:45,60
DA:46,44
DA:47,86
DA:48,85
DA:49,22
DA:50,20
DA:51,20
DA:52,32
DA:53,20
DA:54,23
DA:55,23
DA:56,21
DA:58,64
DA:59,91
DA:60,67
DA:61,78
DA:62,71
DA:63,28
DA:65,27
DA:66,63
DA:67,24
DA:68,69
DA:69,103
DA:70,97
DA:71,37
DA:72,137
DA:73,73
DA:74,2
DA:75,81
DA:76,118
DA:77,117
DA:78,2
DA:80,83
DA:81,71
DA:84,6
DA:85,14
DA:86,10
DA:87,3
DA:88,47
DA:89,64
DA:90,12
DA:91,41
DA:92,10
DA:93,35
DA:94,38
DA:95,29
DA:96,31
DA:97,39
DA:98,55
DA:99,43
DA:100,44
DA:101,96
DA:102,17
DA:103,38
DA:104,47
DA:105,52
DA:106,56
DA:107,94
DA:108,106
DA:109,69
DA:110,34
DA:111,8
DA:112,58
DA:113,7
DA:114,66
DA:115,115
DA:116,22
DA:117,50
DA:118,40
DA:119,62
DA:120,61
DA:121,53
DA:122,56
DA:123,42
DA:124,8
DA:125,58
DA:126,4
DA:127,1
LF:106
LH:104
end_of_record
TN:
SF:src\media\audio-core.test.ts
FNF:15
FNH:15
DA:1,50
DA:3,172
DA:14,13
DA:15,12
DA:16,41
DA:17,12
DA:18,20
DA:19,17
DA:20,20
DA:21,17
DA:22,21
DA:23,18
DA:24,24
DA:25,21
DA:26,24
DA:27,21
DA:28,25
DA:29,22
DA:30,20
DA:31,17
DA:32,20
DA:33,20
DA:34,20
DA:35,24
DA:36,24
DA:37,17
DA:38,20
DA:39,16
DA:40,17
DA:41,20
DA:42,21
DA:43,22
DA:44,15
DA:45,18
DA:46,15
DA:47,19
DA:48,16
DA:49,19
DA:50,22
DA:51,16
DA:52,21
DA:53,19
DA:54,28
DA:55,15
DA:56,1
DA:59,34
DA:60,73
DA:61,28
DA:62,72
DA:63,52
DA:64,80
DA:65,54
DA:66,45
DA:67,79
DA:68,2
DA:69,2
DA:70,15
DA:73,47
DA:74,57
DA:75,86
DA:76,4
DA:78,72
DA:79,68
DA:80,50
DA:81,4
DA:83,83
DA:84,28
DA:85,34
DA:86,35
DA:87,39
DA:88,65
DA:89,27
DA:90,37
DA:91,12
DA:92,6
DA:93,23
DA:94,4
DA:95,64
DA:96,4
DA:98,70
DA:99,83
DA:100,80
DA:101,61
DA:102,59
DA:103,60
DA:104,49
DA:105,15
DA:106,16
DA:107,19
DA:108,16
DA:109,17
DA:110,14
DA:111,15
DA:112,18
DA:113,7
DA:115,56
DA:116,65
DA:117,4
DA:119,90
DA:120,39
DA:121,15
DA:122,22
DA:123,24
DA:124,22
DA:125,21
DA:126,118
DA:127,120
DA:128,120
DA:129,120
DA:130,119
DA:131,118
DA:132,5
DA:133,7
DA:135,51
DA:136,41
DA:137,4
DA:139,63
DA:140,39
DA:141,15
DA:142,21
DA:143,24
DA:144,22
DA:145,21
DA:146,120
DA:147,117
DA:148,5
DA:149,7
DA:151,48
DA:152,39
DA:153,4
DA:155,72
DA:156,53
DA:157,41
DA:158,48
DA:159,44
DA:160,4
DA:162,72
DA:163,44
DA:164,41
DA:165,44
DA:166,43
DA:167,42
DA:168,7
DA:170,53
DA:171,51
DA:172,3
DA:173,2
LF:147
LH:147
end_of_record
TN:
SF:src\media\audio-core.ts
FNF:28
FNH:28
DA:1,34
DA:28,36
DA:29,40
DA:30,33
DA:31,34
DA:32,34
DA:33,33
DA:35,22
DA:36,49
DA:37,54
DA:38,67
DA:41,11
DA:42,32
DA:45,12
DA:46,30
DA:49,12
DA:50,29
DA:51,8
DA:52,2
DA:53,66
DA:56,14
DA:57,42
DA:58,8
DA:59,2
DA:60,41
DA:61,8
DA:62,2
DA:63,91
DA:66,24
DA:67,53
DA:70,16
DA:71,26
DA:72,6
DA:73,2
DA:75,28
DA:76,45
DA:77,58
DA:78,38
DA:79,13
DA:80,4
DA:81,39
DA:82,40
DA:83,49
DA:84,68
DA:85,2
DA:86,2
DA:88,14
DA:89,20
DA:90,42
DA:91,29
DA:92,20
DA:93,22
DA:94,2
DA:95,2
DA:96,31
DA:99,30
DA:100,40
DA:101,53
DA:102,69
DA:103,20
DA:104,0
DA:105,2
DA:107,48
DA:108,25
DA:109,70
DA:110,27
DA:111,19
DA:112,63
DA:113,58
DA:114,4
DA:115,55
DA:116,33
DA:117,26
DA:118,2
DA:120,23
DA:121,60
DA:122,34
DA:123,2
DA:124,47
DA:125,60
DA:126,70
DA:127,2
DA:129,65
DA:130,64
DA:131,18
DA:132,20
DA:133,25
DA:134,51
DA:135,18
DA:136,64
DA:137,53
DA:138,4
DA:139,27
DA:140,29
DA:141,24
DA:142,18
DA:143,2
DA:144,2
DA:146,36
DA:147,6
DA:148,2
DA:150,28
DA:151,32
DA:152,55
DA:153,49
DA:154,45
DA:155,46
DA:157,76
DA:158,0
DA:159,76
DA:160,0
DA:161,3
DA:163,46
DA:164,56
DA:165,69
DA:168,47
DA:174,3
DA:175,53
DA:176,12
DA:177,23
DA:178,65
DA:179,92
DA:180,88
DA:181,37
DA:182,2
DA:185,14
DA:190,3
DA:191,57
DA:192,55
DA:193,88
DA:194,97
DA:195,88
DA:196,91
DA:197,87
DA:198,2
DA:200,49
DA:201,55
DA:202,54
DA:203,36
DA:204,63
DA:205,66
DA:206,2
DA:207,16
DA:210,14
DA:223,3
DA:224,31
DA:225,106
DA:226,81
DA:227,101
DA:228,24
DA:229,55
DA:231,75
DA:232,48
DA:233,103
DA:234,8
DA:235,4
DA:237,118
DA:238,43
DA:239,47
DA:240,87
DA:241,59
DA:242,55
DA:243,8
DA:244,4
DA:246,102
DA:247,111
DA:248,102
DA:249,105
DA:250,89
DA:251,82
DA:252,101
DA:253,38
DA:254,88
DA:256,35
DA:257,77
DA:258,88
DA:259,80
DA:260,72
DA:261,84
DA:262,71
DA:263,60
DA:264,79
DA:265,38
DA:266,14
DA:268,23
DA:269,34
DA:270,59
DA:271,19
DA:272,26
DA:273,24
DA:274,5
DA:275,2
DA:277,52
DA:280,14
DA:286,3
DA:287,40
DA:288,14
DA:289,23
DA:290,20
DA:291,30
DA:292,50
DA:293,46
DA:294,24
DA:295,25
DA:296,21
DA:297,1
DA:298,2
DA:300,55
DA:301,125
DA:302,148
DA:303,56
DA:304,125
DA:305,48
DA:306,57
DA:307,52
DA:308,49
DA:309,61
DA:310,80
DA:311,88
DA:312,77
DA:313,16
DA:314,20
DA:315,21
DA:316,63
DA:317,55
DA:318,12
DA:319,1
DA:320,6
DA:322,93
DA:323,91
DA:324,66
DA:325,120
DA:326,98
DA:328,27
DA:329,33
DA:330,34
DA:331,63
DA:332,37
DA:333,57
DA:334,4
DA:335,4
DA:336,96
DA:337,153
DA:338,24
DA:339,63
DA:340,89
DA:341,20
DA:342,22
DA:343,25
DA:344,40
DA:345,22
DA:346,23
DA:347,32
DA:348,17
DA:349,3
DA:350,1
DA:351,6
DA:352,75
DA:353,93
DA:354,14
DA:355,16
DA:356,12
DA:357,17
DA:358,15
DA:359,1
DA:360,81
DA:362,25
DA:363,24
DA:364,65
DA:365,79
DA:366,31
DA:367,117
DA:368,12
DA:369,56
DA:370,60
DA:371,55
DA:372,48
DA:373,44
DA:374,45
DA:375,52
DA:376,56
DA:377,39
DA:378,25
DA:379,35
DA:380,34
DA:381,4
DA:382,1
LF:287
LH:284
end_of_record
TN:
SF:src\media\audio.integration.test.ts
FNF:17
FNH:17
DA:1,60
DA:3,95
DA:4,39
DA:5,65
DA:9,39
DA:10,41
DA:12,15
DA:13,31
DA:14,2
DA:16,9
DA:17,47
DA:18,39
DA:19,15
DA:20,16
DA:21,25
DA:22,12
DA:23,20
DA:24,5
DA:25,23
DA:28,12
DA:29,32
DA:30,48
DA:31,39
DA:32,48
DA:33,4
DA:34,2
DA:35,2
DA:38,54
DA:39,81
DA:40,69
DA:41,42
DA:42,70
DA:43,85
DA:44,83
DA:45,55
DA:46,51
DA:47,39
DA:48,4
DA:50,79
DA:51,79
DA:52,60
DA:53,57
DA:54,70
DA:55,85
DA:56,75
DA:57,4
DA:59,68
DA:60,75
DA:61,60
DA:62,57
DA:63,70
DA:64,128
DA:65,4
DA:67,71
DA:68,65
DA:69,57
DA:70,54
DA:71,42
DA:72,66
DA:73,4
DA:75,59
DA:76,65
DA:77,83
DA:78,54
DA:79,57
DA:80,52
DA:81,62
DA:82,61
DA:83,3
DA:84,3
DA:85,2
LF:71
LH:71
end_of_record
TN:
SF:src\media\audio.test.ts
FNF:9
FNH:9
DA:1,50
DA:2,69
DA:6,1
DA:7,9
DA:8,14
DA:9,14
DA:10,27
DA:11,28
DA:12,3
DA:13,12
DA:14,12
DA:15,17
DA:16,17
DA:17,24
DA:18,22
DA:19,2
DA:22,36
DA:23,72
DA:24,39
DA:25,15
DA:26,21
DA:27,24
DA:28,22
DA:29,21
DA:30,31
DA:31,32
DA:32,34
DA:33,33
DA:34,35
DA:35,31
DA:36,32
DA:37,5
DA:38,7
DA:40,51
DA:41,43
DA:42,59
DA:43,4
DA:45,92
DA:46,39
DA:47,15
DA:48,21
DA:49,24
DA:50,22
DA:51,21
DA:52,45
DA:53,30
DA:54,35
DA:55,32
DA:56,34
DA:57,30
DA:58,5
DA:59,7
DA:61,51
DA:62,39
DA:63,4
DA:65,97
DA:66,39
DA:67,15
DA:68,21
DA:69,24
DA:70,22
DA:71,21
DA:72,44
DA:73,47
DA:74,41
DA:75,5
DA:76,7
DA:78,48
DA:79,41
DA:80,41
DA:81,4
DA:83,94
DA:84,39
DA:85,15
DA:86,21
DA:87,24
DA:88,22
DA:89,21
DA:90,45
DA:91,44
DA:92,34
DA:93,33
DA:94,34
DA:95,30
DA:96,5
DA:97,7
DA:99,51
DA:100,39
DA:101,3
DA:102,3
DA:104,40
DA:105,66
DA:106,56
DA:108,55
DA:109,46
DA:110,49
DA:111,45
DA:112,40
DA:113,4
DA:115,78
DA:116,53
DA:118,59
DA:119,48
DA:120,39
DA:121,3
DA:122,2
LF:106
LH:106
end_of_record
TN:
SF:src\media\audio.ts
FNF:12
FNH:12
DA:1,76
DA:11,186
DA:20,63
DA:29,22
DA:30,56
DA:31,60
DA:32,59
DA:33,59
DA:34,1
DA:36,10
DA:37,40
DA:38,37
DA:39,65
DA:40,2
DA:41,13
DA:44,10
DA:45,43
DA:46,41
DA:47,49
DA:48,22
DA:49,16
DA:50,45
DA:51,33
DA:52,16
DA:53,4
DA:54,24
DA:55,2
DA:56,15
DA:59,34
DA:60,56
DA:61,40
DA:62,29
DA:63,13
DA:64,4
DA:65,30
DA:66,35
DA:67,33
DA:68,43
DA:69,27
DA:70,30
DA:71,2
DA:73,55
DA:74,27
DA:75,37
DA:76,61
DA:77,56
DA:78,41
DA:79,42
DA:80,36
DA:81,36
DA:82,36
DA:83,37
DA:84,42
DA:85,52
DA:86,52
DA:87,39
DA:88,44
DA:89,44
DA:90,49
DA:91,45
DA:92,48
DA:93,4
DA:94,2
DA:95,1
DA:98,28
DA:99,20
DA:100,43
DA:101,46
DA:102,43
DA:103,41
DA:104,38
DA:105,22
DA:108,23
DA:109,98
DA:112,39
DA:113,50
DA:114,46
DA:117,13
DA:127,3
DA:128,114
DA:129,71
DA:130,76
DA:131,44
DA:132,50
DA:133,42
DA:134,47
DA:136,23
DA:137,5
DA:138,22
DA:139,9
DA:140,21
DA:141,10
DA:142,8
DA:143,10
DA:144,30
DA:145,9
DA:146,12
DA:147,5
DA:148,3
DA:149,36
DA:150,4
DA:152,77
DA:153,37
DA:154,19
DA:155,0
DA:156,2
DA:158,33
DA:159,16
DA:160,20
DA:161,63
DA:162,4
DA:164,51
DA:165,54
DA:166,51
DA:167,52
DA:169,71
DA:170,39
DA:171,45
DA:172,10
DA:173,4
DA:175,17
DA:176,22
DA:177,55
DA:178,57
DA:179,4
DA:181,45
DA:183,16
DA:184,19
DA:185,16
DA:186,17
DA:188,53
DA:189,54
DA:190,72
DA:191,15
DA:192,6
DA:194,62
DA:195,41
DA:196,23
DA:197,47
DA:198,26
DA:199,47
DA:200,23
DA:201,15
DA:202,29
DA:204,4
DA:206,32
DA:207,38
DA:208,32
DA:209,34
DA:210,51
DA:211,2
DA:213,53
DA:214,56
DA:215,53
DA:216,54
DA:218,17
DA:219,20
DA:220,17
DA:221,18
DA:222,56
DA:223,53
DA:224,62
DA:225,53
DA:226,56
DA:227,32
DA:228,38
DA:229,32
DA:230,32
DA:231,2
DA:233,52
DA:234,58
DA:235,52
DA:236,54
DA:237,39
DA:238,57
DA:240,40
DA:241,54
DA:243,71
DA:244,44
DA:245,56
DA:246,91
DA:247,69
DA:248,74
DA:249,83
DA:250,74
DA:251,72
DA:252,77
DA:253,121
DA:254,44
DA:255,28
DA:256,17
DA:257,14
DA:258,34
DA:259,25
DA:260,19
DA:261,41
DA:262,47
DA:263,41
DA:264,20
DA:265,43
DA:266,23
DA:267,20
DA:268,23
DA:269,20
DA:270,24
DA:271,21
DA:272,19
DA:273,20
DA:274,22
DA:275,22
DA:276,22
DA:277,26
DA:278,28
DA:279,19
DA:280,22
DA:281,18
DA:282,19
DA:283,22
DA:284,23
DA:285,24
DA:286,18
DA:287,21
DA:288,18
DA:289,22
DA:290,19
DA:291,22
DA:292,22
DA:293,18
DA:294,23
DA:295,21
DA:296,28
DA:297,17
DA:298,4
DA:299,2
DA:301,53
DA:302,26
DA:303,56
DA:304,77
DA:305,31
DA:306,39
DA:307,2
DA:309,62
DA:310,73
DA:311,93
DA:312,39
DA:313,34
DA:314,15
DA:315,50
DA:316,51
DA:317,37
DA:318,28
DA:319,115
DA:320,2
DA:322,21
DA:323,55
DA:324,63
DA:325,39
DA:326,2
DA:327,14
DA:328,13
DA:329,11
DA:330,65
DA:331,35
DA:332,48
DA:333,27
DA:334,33
DA:335,27
DA:336,26
DA:337,5
DA:338,41
DA:339,8
DA:340,45
DA:341,34
DA:342,31
DA:343,29
DA:344,35
DA:345,29
DA:346,31
DA:347,22
DA:348,10
DA:349,41
DA:350,4
DA:351,5
DA:352,50
DA:353,124
DA:354,91
DA:355,52
DA:356,4
DA:357,53
DA:358,53
DA:359,53
DA:360,65
DA:361,93
DA:362,22
DA:363,78
DA:364,55
DA:365,85
DA:366,57
DA:367,75
DA:369,19
DA:370,16
DA:371,19
DA:372,16
DA:373,20
DA:374,17
DA:375,58
DA:376,79
DA:377,54
DA:378,42
DA:379,48
DA:380,42
DA:381,56
DA:382,42
DA:383,4
DA:385,25
DA:386,22
DA:387,25
DA:388,22
DA:389,26
DA:390,23
DA:392,74
DA:393,70
DA:394,21
DA:395,26
DA:396,15
DA:397,13
DA:398,64
DA:399,38
DA:400,47
DA:401,25
DA:402,37
DA:403,31
DA:404,37
DA:405,31
DA:406,39
DA:407,30
DA:408,8
DA:409,80
DA:410,76
DA:411,5
DA:412,2
DA:414,24
DA:415,32
DA:416,103
DA:417,43
DA:418,38
DA:419,42
DA:420,46
DA:421,54
DA:422,56
DA:423,65
DA:424,56
DA:425,68
DA:426,59
DA:427,64
DA:428,112
DA:429,101
DA:430,60
DA:431,46
DA:432,42
DA:433,48
DA:434,40
DA:435,81
DA:436,88
DA:437,80
DA:438,37
DA:439,70
DA:440,13
DA:441,40
DA:442,71
DA:443,16
DA:444,63
DA:445,80
DA:446,40
DA:447,80
DA:448,115
DA:449,111
DA:450,123
DA:451,63
DA:452,2
DA:454,22
DA:455,42
DA:456,40
DA:457,36
DA:458,8
DA:459,20
DA:460,17
DA:461,14
DA:462,44
DA:463,48
DA:464,40
DA:465,58
DA:466,54
DA:467,52
DA:468,54
DA:469,47
DA:470,4
DA:472,37
LF:398
LH:397
end_of_record
TN:
SF:src\media\edges.test-helpers.ts
FNF:25
FNH:25
DA:1,58
DA:2,29
DA:3,75
DA:4,25
DA:5,42
DA:8,36
DA:9,37
DA:10,33
DA:11,33
DA:42,12
DA:43,24
DA:44,0
DA:45,2
DA:46,14
DA:47,58
DA:48,28
DA:49,2
DA:50,26
DA:53,12
DA:54,37
DA:55,58
DA:56,42
DA:57,2
DA:58,32
DA:61,23
DA:62,24
DA:63,0
DA:64,2
DA:65,16
DA:66,58
DA:67,41
DA:68,15
DA:69,2
DA:70,2
DA:71,28
DA:74,19
DA:75,49
DA:76,24
DA:77,0
DA:78,2
DA:79,13
DA:82,18
DA:83,43
DA:84,47
DA:85,87
DA:86,73
DA:87,77
DA:88,75
DA:89,59
DA:90,57
DA:91,87
DA:92,79
DA:93,87
DA:94,85
DA:95,96
DA:96,94
DA:98,30
DA:99,24
DA:100,40
DA:101,40
DA:102,40
DA:103,40
DA:104,42
DA:105,37
DA:106,37
DA:107,37
DA:108,35
DA:109,4
DA:110,26
DA:111,11
DA:112,11
DA:113,11
DA:114,11
DA:115,38
DA:116,36
DA:117,4
DA:118,2
DA:120,41
DA:121,52
DA:122,65
DA:123,23
DA:124,23
DA:125,38
DA:126,49
DA:127,47
DA:128,49
DA:129,47
DA:130,2
DA:131,28
DA:132,91
DA:134,23
DA:135,26
DA:136,44
DA:137,42
DA:138,48
DA:139,25
DA:140,2
DA:141,2
DA:143,21
DA:144,30
DA:145,32
DA:146,49
DA:148,12
DA:149,15
DA:150,17
DA:151,23
DA:152,21
DA:153,21
DA:154,16
DA:155,16
DA:156,20
DA:157,17
DA:158,21
DA:159,21
DA:160,21
DA:161,24
DA:162,75
DA:163,14
DA:164,2
DA:167,16
DA:168,59
DA:171,16
DA:172,69
DA:175,13
DA:176,69
DA:177,9
DA:178,30
DA:179,5
DA:180,51
DA:184,13
DA:190,3
DA:191,49
DA:192,52
DA:193,45
DA:194,38
DA:195,28
DA:196,36
DA:197,34
DA:198,44
DA:199,64
DA:200,37
DA:201,12
DA:202,20
DA:203,25
DA:204,14
DA:205,10
DA:206,8
DA:207,2
DA:210,16
DA:211,104
DA:212,47
DA:213,64
DA:214,43
DA:215,12
DA:216,20
DA:217,33
DA:218,14
DA:219,23
DA:220,22
DA:221,2
DA:224,15
DA:225,45
DA:226,20
DA:227,24
DA:228,23
DA:229,5
DA:230,12
DA:231,12
DA:232,34
DA:233,2
DA:236,42
DA:237,30
DA:238,21
DA:239,24
DA:240,18
DA:241,38
DA:242,43
DA:243,41
DA:244,11
DA:245,43
DA:246,43
DA:248,15
DA:251,29
DA:252,30
DA:253,21
DA:254,75
DA:257,29
DA:258,30
DA:259,21
DA:260,18
DA:261,67
DA:262,15
DA:265,29
DA:266,44
DA:267,30
DA:268,21
DA:269,18
DA:270,69
DA:271,15
DA:273,30
DA:274,21
DA:275,18
DA:276,42
DA:277,42
DA:278,15
DA:280,28
DA:281,40
DA:282,51
DA:283,22
DA:284,94
DA:285,15
DA:286,2
DA:287,2
DA:290,36
DA:291,53
DA:292,20
DA:293,51
DA:294,2
DA:295,20
DA:296,46
DA:297,41
DA:298,2
DA:299,20
DA:300,32
DA:301,22
DA:302,20
DA:303,43
DA:304,43
DA:305,43
DA:306,43
DA:307,17
DA:309,49
DA:310,50
DA:311,63
DA:312,59
DA:313,31
DA:314,2
DA:315,2
DA:316,20
DA:317,42
DA:318,43
DA:319,54
DA:320,24
DA:321,17
DA:322,8
DA:323,37
DA:324,60
DA:325,62
DA:326,4
DA:327,2
DA:328,1
LF:251
LH:248
end_of_record
TN:
SF:src\media\edges.test.ts
FNF:42
FNH:42
DA:1,50
DA:2,29
DA:3,288
DA:19,91
DA:21,50
DA:22,62
DA:23,39
DA:24,48
DA:25,12
DA:26,22
DA:27,18
DA:28,9
DA:29,61
DA:31,59
DA:32,56
DA:33,58
DA:34,52
DA:35,45
DA:36,5
DA:37,4
DA:39,81
DA:40,39
DA:41,83
DA:42,53
DA:43,12
DA:44,32
DA:45,84
DA:46,9
DA:48,52
DA:49,56
DA:50,59
DA:52,35
DA:53,51
DA:54,65
DA:55,122
DA:56,92
DA:57,95
DA:58,5
DA:59,4
DA:61,77
DA:62,39
DA:63,53
DA:64,12
DA:65,32
DA:66,84
DA:67,9
DA:68,51
DA:69,12
DA:70,30
DA:71,82
DA:72,9
DA:74,62
DA:75,58
DA:76,63
DA:78,35
DA:79,49
DA:80,69
DA:81,130
DA:82,67
DA:83,107
DA:84,104
DA:85,5
DA:86,4
DA:88,101
DA:89,39
DA:90,47
DA:91,12
DA:92,21
DA:93,84
DA:94,9
DA:95,52
DA:96,12
DA:97,26
DA:98,75
DA:99,9
DA:101,50
DA:102,60
DA:103,116
DA:104,116
DA:106,107
DA:107,7
DA:108,51
DA:109,84
DA:110,19
DA:111,73
DA:112,73
DA:113,87
DA:114,87
DA:115,5
DA:116,4
DA:118,73
DA:119,39
DA:120,52
DA:121,12
DA:122,26
DA:123,75
DA:124,9
DA:125,49
DA:126,12
DA:127,23
DA:128,72
DA:129,9
DA:131,60
DA:132,54
DA:134,67
DA:135,80
DA:136,121
DA:137,73
DA:138,59
DA:139,5
DA:140,4
DA:142,80
DA:143,39
DA:144,33
DA:145,39
DA:146,28
DA:147,12
DA:148,33
DA:149,77
DA:150,1
DA:151,1
DA:152,8
DA:153,82
DA:154,33
DA:156,67
DA:157,47
DA:158,48
DA:159,94
DA:160,84
DA:161,84
DA:162,113
DA:163,6
DA:165,97
DA:166,99
DA:167,97
DA:168,5
DA:169,4
DA:171,86
DA:172,39
DA:173,52
DA:174,12
DA:175,26
DA:176,72
DA:177,9
DA:178,48
DA:179,12
DA:180,30
DA:181,36
DA:182,9
DA:184,60
DA:185,56
DA:187,61
DA:188,105
DA:189,110
DA:190,115
DA:191,106
DA:192,74
DA:193,70
DA:194,5
DA:195,3
DA:196,2
LF:161
LH:161
end_of_record
TN:
SF:src\media\edges.ts
FNF:49
FNH:49
DA:1,25
DA:2,26
DA:3,114
DA:10,54
DA:59,20
DA:60,11
DA:61,10
DA:62,10
DA:63,10
DA:64,9
DA:65,10
DA:66,9
DA:67,7
DA:68,1
DA:70,17
DA:71,20
DA:74,25
DA:75,97
DA:76,54
DA:77,43
DA:78,44
DA:79,11
DA:80,39
DA:81,39
DA:82,43
DA:83,11
DA:84,57
DA:85,61
DA:86,81
DA:87,2
DA:88,2
DA:89,16
DA:92,27
DA:93,25
DA:94,36
DA:95,35
DA:96,22
DA:97,29
DA:98,8
DA:99,2
DA:100,84
DA:101,25
DA:104,31
DA:105,16
DA:106,38
DA:107,22
DA:108,22
DA:109,69
DA:110,13
DA:111,4
DA:112,46
DA:113,2
DA:114,12
DA:117,1
DA:118,11
DA:119,7
DA:120,8
DA:121,8
DA:122,8
DA:123,3
DA:124,77
DA:125,46
DA:126,24
DA:127,32
DA:128,23
DA:130,43
DA:131,44
DA:132,56
DA:133,44
DA:134,15
DA:135,6
DA:136,36
DA:137,2
DA:138,2
DA:140,43
DA:141,44
DA:142,42
DA:143,26
DA:144,15
DA:145,6
DA:146,63
DA:147,24
DA:148,8
DA:149,6
DA:150,40
DA:151,45
DA:152,38
DA:153,38
DA:154,21
DA:155,20
DA:156,25
DA:157,10
DA:158,10
DA:159,11
DA:160,11
DA:161,11
DA:162,11
DA:163,34
DA:164,7
DA:165,2
DA:166,2
DA:168,51
DA:169,20
DA:170,36
DA:171,70
DA:172,34
DA:173,13
DA:174,4
DA:175,27
DA:176,19
DA:177,26
DA:178,26
DA:179,19
DA:180,19
DA:181,19
DA:182,19
DA:183,28
DA:184,7
DA:185,46
DA:186,10
DA:187,2
DA:188,2
DA:190,23
DA:193,12
DA:194,61
DA:195,21
DA:196,63
DA:197,30
DA:198,2
DA:199,111
DA:200,42
DA:201,2
DA:202,14
DA:205,31
DA:206,33
DA:207,0
DA:208,2
DA:209,38
DA:210,22
DA:211,22
DA:212,69
DA:213,11
DA:214,4
DA:215,42
DA:216,11
DA:217,2
DA:218,2
DA:219,12
DA:222,31
DA:223,21
DA:224,26
DA:225,22
DA:226,17
DA:227,17
DA:229,34
DA:230,25
DA:231,30
DA:232,42
DA:233,68
DA:235,22
DA:236,27
DA:237,40
DA:238,24
DA:239,24
DA:240,43
DA:241,57
DA:242,15
DA:243,6
DA:244,52
DA:245,66
DA:246,31
DA:247,26
DA:248,22
DA:249,4
DA:250,4
DA:252,24
DA:253,10
DA:254,4
DA:255,35
DA:256,47
DA:257,23
DA:258,23
DA:259,21
DA:260,2
DA:262,14
DA:265,59
DA:266,29
DA:267,29
DA:268,41
DA:269,31
DA:270,31
DA:271,68
DA:272,47
DA:273,40
DA:274,40
DA:276,71
DA:277,71
DA:278,36
DA:279,28
DA:280,23
DA:281,2
DA:282,29
DA:283,23
DA:284,2
DA:286,67
DA:287,66
DA:288,12
DA:289,26
DA:290,26
DA:291,19
DA:292,19
DA:293,28
DA:294,1
DA:297,1
DA:298,11
DA:299,15
DA:300,11
DA:301,7
DA:302,8
DA:303,8
DA:304,8
DA:305,3
DA:306,31
DA:307,11
DA:308,2
DA:310,30
DA:311,35
DA:312,28
DA:313,40
DA:314,58
DA:315,27
DA:316,2
DA:317,2
DA:318,25
DA:319,0
DA:320,2
DA:322,36
DA:323,89
DA:324,36
DA:325,11
DA:326,2
DA:328,57
DA:329,96
DA:330,71
DA:331,74
DA:332,4
DA:334,17
DA:335,58
DA:336,34
DA:337,53
DA:338,63
DA:339,2
DA:341,24
DA:342,102
DA:344,12
DA:345,11
DA:346,30
DA:347,11
DA:348,14
DA:349,1
DA:352,1
DA:353,6
DA:354,11
DA:355,7
DA:356,8
DA:357,8
DA:358,8
DA:359,3
DA:360,46
DA:361,22
DA:363,43
DA:364,44
DA:365,47
DA:366,54
DA:367,15
DA:368,6
DA:370,33
DA:371,30
DA:372,27
DA:373,56
DA:375,33
DA:376,36
DA:377,32
DA:378,35
DA:379,35
DA:380,47
DA:382,44
DA:383,29
DA:384,29
DA:385,75
DA:386,19
DA:387,10
DA:388,47
DA:389,46
DA:390,19
DA:391,10
DA:392,28
DA:393,25
DA:394,6
DA:395,6
DA:397,109
DA:398,21
DA:399,29
DA:400,4
DA:401,2
DA:402,2
DA:404,71
DA:405,38
DA:408,1
DA:409,6
DA:410,11
DA:411,6
DA:412,7
DA:413,8
DA:414,13
DA:415,14
DA:416,3
DA:417,63
DA:418,65
DA:419,58
DA:420,59
DA:421,88
DA:422,44
DA:423,47
DA:425,39
DA:426,40
DA:427,42
DA:428,76
DA:429,79
DA:430,44
DA:431,74
DA:432,79
DA:433,41
DA:434,83
DA:435,40
DA:436,28
DA:437,2
DA:438,2
DA:440,19
DA:441,58
DA:442,39
DA:443,54
DA:444,52
DA:445,2
DA:446,22
DA:447,60
DA:448,65
DA:449,2
DA:450,2
DA:452,12
DA:453,14
DA:454,15
DA:455,14
DA:456,15
DA:457,8
DA:458,1
DA:461,63
DA:462,63
DA:463,65
DA:464,61
DA:465,60
DA:466,59
DA:467,44
DA:468,47
DA:470,39
DA:471,40
DA:472,42
DA:473,76
DA:474,79
DA:475,44
DA:476,55
DA:477,83
DA:478,28
DA:479,2
DA:480,2
DA:482,22
DA:483,61
DA:484,39
DA:485,60
DA:486,58
DA:487,60
DA:488,2
DA:489,25
DA:490,62
DA:491,72
DA:492,2
DA:493,2
DA:495,76
DA:498,29
DA:499,78
DA:500,19
DA:501,18
DA:502,71
DA:503,45
DA:504,2
DA:505,53
DA:507,56
DA:508,57
DA:509,50
DA:510,82
DA:511,58
DA:512,58
DA:513,96
DA:514,28
DA:515,41
DA:516,2
DA:517,2
DA:519,22
DA:520,60
DA:521,65
DA:522,2
DA:523,2
DA:525,12
DA:526,35
DA:527,37
DA:528,35
DA:529,37
DA:530,8
DA:531,1
DA:534,1
DA:535,13
DA:536,11
DA:537,15
DA:538,16
DA:539,13
DA:540,14
DA:541,3
DA:542,62
DA:543,47
DA:544,48
DA:545,108
DA:546,111
DA:547,84
DA:548,34
DA:549,46
DA:550,4
DA:551,2
DA:552,2
DA:553,141
DA:556,28
DA:557,21
DA:558,58
DA:559,59
DA:560,52
DA:561,55
DA:562,30
DA:563,15
DA:564,6
DA:565,51
DA:566,22
DA:567,46
DA:568,47
DA:569,48
DA:570,63
DA:571,14
DA:572,11
DA:573,7
DA:574,2
DA:575,2
DA:576,44
DA:577,27
DA:580,37
DA:581,57
DA:582,59
DA:583,75
DA:584,77
DA:585,38
DA:586,41
DA:588,58
DA:589,32
DA:590,72
DA:591,74
DA:592,45
DA:593,2
DA:594,60
DA:595,36
DA:596,74
DA:597,76
DA:598,47
DA:599,2
DA:601,79
DA:604,17
DA:605,22
DA:606,20
DA:607,20
DA:608,38
DA:609,38
DA:610,38
DA:611,38
DA:612,21
DA:613,22
DA:614,20
DA:615,23
DA:616,68
DA:618,58
DA:619,59
DA:620,52
DA:621,51
DA:622,27
DA:623,15
DA:624,6
DA:625,51
DA:626,52
DA:627,27
DA:628,29
DA:629,29
DA:630,61
DA:631,62
DA:632,61
DA:633,62
DA:634,46
DA:635,26
DA:636,15
DA:637,33
DA:639,47
DA:640,25
DA:641,15
DA:642,34
DA:644,75
DA:645,76
DA:646,50
DA:647,38
DA:648,89
DA:649,34
DA:650,90
DA:651,34
DA:652,52
DA:653,34
DA:654,15
DA:655,39
DA:657,2
DA:658,2
DA:660,63
DA:661,63
DA:662,39
DA:663,26
DA:664,0
DA:665,0
DA:666,0
DA:667,0
DA:668,0
DA:669,2
DA:670,71
DA:671,71
DA:672,167
DA:673,76
DA:674,110
DA:675,91
DA:677,12
DA:678,17
DA:679,17
DA:680,16
DA:681,15
DA:682,16
DA:683,14
DA:684,17
DA:685,18
DA:686,26
DA:687,16
DA:688,1
DA:691,1
DA:692,13
DA:693,11
DA:694,10
DA:695,13
DA:696,3
DA:697,123
DA:698,126
DA:699,50
DA:700,39
DA:701,27
DA:702,132
DA:703,91
DA:704,24
DA:705,61
DA:706,71
DA:708,52
DA:709,0
DA:710,2
DA:711,81
DA:712,0
DA:713,2
DA:714,76
DA:715,0
DA:716,2
DA:717,117
DA:718,0
DA:719,2
DA:720,59
DA:721,21
DA:722,2
DA:723,78
DA:724,0
DA:725,2
DA:726,148
DA:727,25
DA:728,2
DA:729,119
DA:730,27
DA:731,0
DA:732,0
DA:733,0
DA:734,0
DA:735,0
DA:736,0
DA:737,0
DA:738,0
DA:739,0
DA:740,0
DA:741,0
DA:744,20
DA:745,91
DA:746,67
DA:747,29
DA:748,29
DA:749,41
DA:750,41
DA:753,28
DA:754,22
DA:755,49
DA:756,68
DA:757,71
DA:758,42
DA:759,53
DA:760,100
DA:761,102
DA:762,81
DA:763,23
DA:764,19
DA:765,19
DA:766,67
DA:767,114
DA:768,22
DA:769,19
DA:770,7
DA:771,2
DA:772,2
DA:774,26
DA:775,59
DA:776,60
DA:777,79
DA:778,26
DA:779,15
DA:780,6
DA:781,27
DA:782,47
DA:783,48
DA:784,11
DA:785,7
DA:786,2
DA:787,2
DA:788,47
DA:790,86
DA:791,37
DA:792,102
DA:793,13
DA:794,4
DA:795,21
DA:796,16
DA:797,16
DA:798,35
DA:799,48
DA:800,12
DA:801,9
DA:802,7
DA:803,33
DA:804,10
DA:805,2
DA:806,2
DA:808,28
DA:811,30
DA:812,20
DA:813,84
DA:814,83
DA:815,84
DA:816,82
DA:817,4
DA:818,26
DA:819,17
DA:820,18
DA:821,25
DA:822,27
DA:823,99
DA:824,4
DA:825,22
DA:826,81
DA:827,81
DA:828,82
DA:829,79
DA:830,4
DA:831,23
DA:832,17
DA:833,18
DA:834,25
DA:835,27
DA:836,105
DA:837,101
DA:838,4
DA:839,25
DA:840,17
DA:841,18
DA:842,25
DA:843,27
DA:844,101
DA:845,4
DA:846,32
DA:847,7
DA:848,17
DA:849,81
DA:850,80
DA:851,79
DA:852,77
DA:853,8
DA:854,20
DA:855,37
DA:856,16
DA:857,3
DA:858,4
DA:859,27
DA:860,79
DA:861,77
DA:862,4
DA:863,95
DA:864,54
DA:865,12
DA:866,14
DA:867,11
DA:868,17
DA:869,9
DA:870,19
DA:871,79
DA:872,78
DA:873,78
DA:874,76
DA:875,10
DA:876,20
DA:877,39
DA:878,18
DA:879,5
DA:880,6
DA:881,53
DA:882,17
DA:883,14
DA:884,16
DA:885,23
DA:886,13
DA:887,18
DA:888,16
DA:889,43
DA:890,43
DA:891,41
DA:892,39
DA:893,41
DA:894,37
DA:895,43
DA:896,45
DA:897,61
DA:898,47
DA:899,30
DA:900,10
DA:901,11
DA:902,18
DA:903,2
DA:906,13
DA:911,3
DA:912,51
DA:913,52
DA:914,54
DA:915,123
DA:916,20
DA:917,20
DA:918,40
DA:919,44
DA:920,52
DA:921,91
DA:922,12
DA:923,6
DA:924,42
DA:926,49
DA:927,70
DA:928,99
DA:929,93
DA:930,120
DA:931,108
DA:932,66
DA:933,133
DA:934,69
DA:935,56
DA:937,56
DA:938,85
DA:939,49
DA:940,36
DA:941,13
DA:942,89
DA:943,32
DA:944,35
DA:945,15
DA:946,17
DA:947,71
DA:948,21
DA:949,18
DA:950,20
DA:951,27
DA:952,17
DA:953,22
DA:954,108
DA:955,47
DA:956,47
DA:957,45
DA:958,43
DA:959,45
DA:960,41
DA:961,47
DA:962,49
DA:963,65
DA:964,51
DA:965,95
DA:966,28
DA:967,30
DA:968,117
DA:969,38
DA:970,10
DA:972,19
DA:973,59
DA:975,18
DA:976,45
DA:977,19
DA:978,35
DA:979,21
DA:980,48
DA:981,6
DA:982,6
DA:983,35
DA:984,1
DA:985,1
DA:986,4
DA:987,15
LF:837
LH:814
end_of_record
TN:
SF:src\media\ffmpeg.integration.test.ts
FNF:7
FNH:7
DA:1,60
DA:2,119
DA:3,58
DA:7,15
DA:8,31
DA:9,3
DA:11,38
DA:12,57
DA:13,61
DA:14,71
DA:16,54
DA:17,51
DA:18,54
DA:19,37
DA:20,4
DA:22,60
DA:23,66
DA:24,79
DA:25,3
DA:26,2
LF:20
LH:20
end_of_record
TN:
SF:src\media\ffmpeg.ts
FNF:9
FNH:4
DA:1,29
DA:2,45
DA:3,41
DA:4,43
DA:5,46
DA:7,49
DA:9,11
DA:10,59
DA:11,14
DA:12,0
DA:13,2
DA:14,16
DA:17,11
DA:18,66
DA:19,14
DA:20,0
DA:21,2
DA:22,16
DA:25,6
DA:26,13
DA:27,10
DA:28,3
DA:29,41
DA:30,16
DA:31,9
DA:32,12
DA:33,20
DA:34,92
DA:35,10
DA:36,11
DA:37,11
DA:38,5
DA:40,53
DA:52,37
DA:53,61
DA:54,60
DA:55,49
DA:56,23
DA:57,29
DA:58,28
DA:59,22
DA:60,20
DA:61,49
DA:63,54
DA:64,0
DA:65,2
DA:67,12
DA:68,16
DA:69,15
DA:70,13
DA:71,89
DA:72,2
DA:75,0
DA:76,0
DA:77,0
DA:78,0
DA:79,0
DA:80,0
DA:81,0
DA:82,0
DA:83,0
DA:84,0
DA:85,0
DA:86,0
DA:87,0
DA:88,0
DA:89,0
DA:90,0
DA:91,0
DA:92,0
DA:93,0
DA:94,1
DA:97,0
DA:98,0
DA:99,0
DA:100,0
DA:101,0
DA:102,0
DA:103,0
DA:104,0
DA:105,0
DA:106,0
DA:107,0
DA:108,0
DA:109,0
DA:110,0
DA:111,0
DA:112,0
DA:113,0
DA:114,0
DA:115,0
DA:116,0
DA:117,0
DA:118,0
DA:119,0
DA:120,0
DA:121,0
DA:122,0
DA:123,0
DA:124,0
DA:125,0
DA:126,0
DA:127,0
DA:128,0
DA:129,0
DA:130,0
DA:131,0
DA:132,0
DA:133,0
DA:134,0
DA:135,0
DA:136,0
DA:137,0
DA:138,0
DA:139,1
DA:142,0
DA:143,0
DA:144,0
DA:145,0
DA:146,0
DA:147,0
DA:148,0
DA:149,0
DA:150,0
DA:151,0
DA:152,0
DA:153,0
DA:154,0
DA:155,0
DA:156,0
DA:157,0
DA:158,0
DA:159,0
DA:160,0
DA:161,0
DA:162,0
DA:163,0
DA:164,0
DA:165,0
DA:166,1
DA:169,0
DA:170,0
DA:171,0
DA:172,0
DA:173,0
DA:174,0
DA:175,0
DA:176,0
DA:177,0
DA:178,0
DA:179,0
DA:180,0
DA:181,0
DA:182,0
DA:183,0
DA:184,0
DA:185,0
DA:186,0
DA:187,0
DA:188,0
DA:189,0
DA:190,0
DA:191,0
DA:192,0
DA:193,0
DA:194,0
DA:195,0
DA:196,0
DA:197,0
DA:198,1
DA:201,0
DA:202,0
DA:203,0
DA:204,0
DA:205,0
DA:206,0
DA:207,0
DA:208,0
DA:209,0
DA:210,0
DA:211,0
DA:212,0
DA:213,0
DA:214,0
DA:215,0
DA:216,0
DA:217,0
DA:218,0
LF:188
LH:53
end_of_record
TN:
SF:src\media\image-style.test.ts
FNF:6
FNH:6
DA:1,50
DA:2,85
DA:4,20
DA:5,12
DA:6,29
DA:7,19
DA:8,19
DA:9,19
DA:10,18
DA:11,18
DA:12,18
DA:13,17
DA:14,17
DA:15,17
DA:16,15
DA:17,15
DA:18,15
DA:19,15
DA:20,15
DA:21,15
DA:22,20
DA:23,18
DA:24,20
DA:25,19
DA:26,18
DA:27,22
DA:28,21
DA:29,20
DA:30,25
DA:31,24
DA:32,20
DA:33,18
DA:34,22
DA:35,18
DA:36,20
DA:37,19
DA:38,11
DA:39,2
DA:42,36
DA:43,99
DA:44,37
DA:45,20
DA:46,20
DA:47,20
DA:48,23
DA:49,22
DA:50,24
DA:51,17
DA:52,7
DA:53,38
DA:54,20
DA:55,20
DA:56,20
DA:57,23
DA:58,22
DA:59,24
DA:60,18
DA:61,7
DA:63,31
DA:64,3
DA:65,3
DA:67,41
DA:68,65
DA:69,130
DA:70,126
DA:71,127
DA:72,126
DA:73,145
DA:74,4
DA:76,72
DA:77,112
DA:78,130
DA:79,132
DA:80,132
DA:81,128
DA:82,3
DA:83,2
LF:77
LH:77
end_of_record
TN:
SF:src\media\image-style.ts
FNF:17
FNH:6
DA:1,25
DA:2,25
DA:11,0
DA:12,0
DA:13,0
DA:14,0
DA:15,0
DA:16,0
DA:17,0
DA:18,0
DA:19,0
DA:20,0
DA:21,0
DA:22,0
DA:23,0
DA:24,0
DA:25,0
DA:26,0
DA:27,0
DA:28,0
DA:29,0
DA:30,0
DA:31,0
DA:32,0
DA:33,0
DA:34,0
DA:35,0
DA:36,0
DA:37,0
DA:38,0
DA:39,0
DA:40,0
DA:41,0
DA:42,0
DA:46,0
DA:50,0
DA:51,0
DA:55,0
DA:56,0
DA:57,0
DA:58,0
DA:59,0
DA:60,0
DA:61,0
DA:62,0
DA:63,0
DA:64,0
DA:65,0
DA:66,0
DA:70,0
DA:74,0
DA:75,0
DA:76,0
DA:77,0
DA:78,0
DA:79,0
DA:83,0
DA:84,0
DA:85,0
DA:86,0
DA:87,0
DA:88,0
DA:89,0
DA:90,0
DA:91,0
DA:95,0
DA:96,0
DA:97,0
DA:101,0
DA:105,11
DA:106,38
DA:109,12
DA:110,62
DA:113,18
DA:114,44
DA:115,52
DA:116,45
DA:117,56
DA:118,65
DA:119,71
DA:120,80
DA:122,20
DA:123,10
DA:124,13
DA:125,18
DA:126,23
DA:127,54
DA:128,7
DA:129,19
DA:130,51
DA:131,51
DA:132,7
DA:133,14
DA:134,17
DA:135,21
DA:136,25
DA:137,6
DA:138,28
DA:139,49
DA:140,65
DA:141,10
DA:142,24
DA:143,65
DA:144,61
DA:145,19
DA:146,4
DA:148,34
DA:151,18
DA:152,44
DA:153,52
DA:154,56
DA:155,65
DA:157,20
DA:158,6
DA:159,49
DA:160,53
DA:161,28
DA:162,6
DA:163,49
DA:164,50
DA:165,52
DA:166,9
DA:167,15
DA:168,26
DA:169,52
DA:170,8
DA:171,17
DA:172,14
DA:173,20
DA:174,51
DA:175,7
DA:176,24
DA:177,63
DA:178,62
DA:179,19
DA:180,4
DA:182,34
DA:185,14
DA:193,3
DA:194,19
DA:196,25
DA:197,25
DA:198,25
DA:199,28
DA:200,28
DA:201,33
DA:202,31
DA:203,3
DA:204,1
DA:207,0
DA:208,0
DA:209,0
DA:210,0
DA:211,0
DA:212,0
DA:213,0
DA:214,0
DA:215,0
DA:216,0
DA:217,0
DA:218,0
DA:219,0
DA:220,0
DA:221,0
DA:222,0
DA:223,0
DA:224,0
DA:225,0
DA:226,0
DA:227,0
DA:228,0
DA:229,0
DA:230,0
DA:231,0
DA:232,0
DA:233,0
DA:234,0
DA:235,0
DA:236,0
DA:237,0
DA:238,0
DA:239,0
DA:240,0
DA:241,0
DA:242,0
DA:243,0
DA:244,0
DA:245,0
DA:246,0
DA:247,0
DA:248,0
DA:249,0
DA:250,0
DA:251,0
DA:252,0
DA:253,0
DA:254,0
DA:255,0
DA:256,0
DA:257,0
DA:258,0
DA:259,0
DA:260,0
DA:261,0
DA:262,0
DA:263,0
DA:264,0
DA:265,0
DA:266,0
DA:267,0
DA:268,0
DA:269,0
DA:270,0
DA:271,0
DA:272,0
DA:273,0
DA:274,0
DA:275,0
DA:276,0
DA:277,0
DA:278,0
DA:279,0
DA:280,0
DA:281,0
DA:282,0
DA:283,0
DA:284,0
DA:285,0
DA:286,0
DA:287,0
DA:288,0
DA:289,0
DA:290,0
DA:291,0
DA:292,0
DA:293,0
DA:294,0
DA:295,0
DA:296,0
DA:297,0
DA:298,0
DA:299,0
DA:300,0
DA:301,0
DA:302,0
DA:303,0
DA:304,0
DA:305,0
DA:306,0
DA:307,0
DA:308,0
DA:309,0
DA:310,0
DA:311,0
DA:312,0
DA:313,0
DA:314,0
DA:315,0
DA:316,0
DA:317,0
DA:318,0
DA:319,0
DA:320,0
DA:321,0
DA:322,0
DA:323,0
DA:324,0
DA:325,0
DA:326,0
DA:327,0
DA:328,0
DA:329,0
DA:330,0
DA:331,0
DA:332,0
DA:333,0
DA:334,0
DA:335,0
DA:336,0
DA:337,0
DA:338,0
DA:339,0
DA:340,0
DA:341,0
DA:342,0
DA:343,0
DA:344,0
DA:345,0
DA:346,0
DA:347,0
DA:348,0
DA:349,0
DA:350,0
DA:351,0
DA:352,0
DA:353,0
DA:354,0
DA:355,0
DA:356,0
DA:357,0
DA:358,0
DA:359,0
DA:360,0
DA:361,0
DA:362,0
DA:363,0
DA:364,0
DA:365,0
DA:366,0
DA:367,0
DA:368,0
DA:369,0
DA:370,0
DA:371,0
DA:372,0
DA:373,0
DA:374,0
DA:375,0
DA:376,0
DA:377,0
DA:378,0
DA:379,0
DA:380,0
DA:381,0
DA:382,0
DA:383,0
DA:384,0
DA:385,0
DA:386,1
DA:389,0
DA:390,0
DA:391,0
DA:392,0
DA:393,0
DA:394,0
DA:395,0
DA:396,0
DA:397,0
DA:398,0
DA:399,0
DA:400,0
DA:401,0
DA:402,0
DA:403,0
DA:404,0
DA:405,0
DA:406,0
DA:407,0
DA:408,0
DA:409,0
DA:410,0
LF:351
LH:83
end_of_record
TN:
SF:src\media\images.ts
FNF:9
FNH:0
DA:1,95
DA:2,29
DA:3,26
DA:38,31
DA:40,0
DA:41,0
DA:42,0
DA:43,0
DA:44,0
DA:48,0
DA:52,0
DA:56,0
DA:60,0
DA:61,0
DA:62,0
DA:63,0
DA:64,0
DA:65,0
DA:66,0
DA:67,0
DA:68,0
DA:69,0
DA:70,0
DA:71,0
DA:72,0
DA:73,0
DA:74,0
DA:75,0
DA:76,0
DA:77,0
DA:78,0
DA:79,0
DA:80,0
DA:81,0
DA:82,0
DA:83,0
DA:84,0
DA:85,0
DA:89,0
DA:93,0
DA:94,0
DA:95,0
DA:96,0
DA:97,0
DA:98,0
DA:99,0
DA:103,0
DA:104,0
DA:105,0
DA:106,0
DA:107,0
DA:108,0
DA:109,0
DA:110,0
DA:111,0
DA:112,0
DA:113,0
DA:114,0
DA:115,0
DA:116,1
DA:119,0
DA:120,0
DA:121,0
DA:122,0
DA:123,0
DA:124,0
DA:125,0
DA:126,0
DA:127,0
DA:128,0
DA:129,0
DA:130,0
DA:131,0
DA:132,0
DA:133,0
DA:134,0
DA:135,0
DA:136,0
DA:137,0
DA:138,0
DA:139,0
DA:140,0
DA:141,0
DA:142,0
DA:143,0
DA:144,0
DA:145,0
DA:146,0
DA:147,0
DA:148,0
DA:149,0
DA:150,0
DA:151,0
DA:152,0
DA:153,0
DA:154,0
DA:155,0
DA:156,0
DA:157,0
DA:158,0
DA:159,0
DA:160,0
DA:161,0
DA:162,0
DA:163,0
DA:164,0
DA:165,0
DA:166,0
DA:167,0
DA:168,0
DA:169,0
DA:170,0
DA:171,0
DA:172,0
DA:173,0
DA:174,0
DA:175,0
DA:176,0
DA:177,0
DA:178,0
DA:179,0
DA:180,0
DA:181,0
DA:182,0
DA:183,0
DA:184,0
DA:185,0
DA:186,0
DA:187,0
DA:188,0
DA:189,0
DA:190,0
DA:191,0
DA:192,0
DA:193,0
DA:194,0
DA:195,0
DA:196,0
DA:197,0
DA:198,0
DA:199,0
DA:200,0
DA:201,0
DA:202,0
DA:203,0
DA:204,0
DA:205,0
DA:206,0
DA:207,0
DA:208,0
DA:209,0
DA:210,0
DA:211,0
DA:212,0
DA:213,0
DA:214,0
DA:215,0
DA:216,0
DA:217,0
DA:218,0
DA:219,0
DA:220,0
DA:221,0
DA:222,0
DA:223,0
DA:224,0
DA:225,0
DA:226,0
DA:227,0
DA:228,0
DA:229,0
DA:230,0
DA:231,0
LF:173
LH:5
end_of_record
TN:
SF:src\perf\wasm-kernels.test.ts
FNF:5
FNH:5
DA:1,50
DA:2,134
DA:4,32
DA:5,51
DA:6,36
DA:7,40
DA:8,31
DA:9,7
DA:11,48
DA:13,40
DA:14,4
DA:16,61
DA:17,36
DA:18,40
DA:19,34
DA:20,40
DA:21,31
DA:22,7
DA:24,49
DA:25,17
DA:26,15
DA:27,16
DA:28,17
DA:29,14
DA:30,7
DA:32,38
DA:33,42
DA:34,52
DA:35,4
DA:37,61
DA:38,49
DA:39,48
DA:40,49
DA:41,49
DA:42,46
DA:43,52
DA:44,55
DA:45,53
DA:46,52
DA:47,58
DA:48,59
DA:50,30
DA:51,15
DA:52,8
DA:53,8
DA:54,9
DA:55,9
DA:56,10
DA:57,15
DA:58,18
DA:59,9
DA:60,9
DA:61,14
DA:62,17
DA:63,17
DA:64,15
DA:65,7
DA:67,39
DA:68,39
DA:69,36
DA:70,36
DA:71,39
DA:72,38
DA:73,39
DA:74,39
DA:75,39
DA:76,38
DA:77,36
DA:78,36
DA:79,38
DA:80,38
DA:81,38
DA:82,39
DA:83,43
DA:84,45
DA:85,45
DA:86,47
DA:87,44
DA:88,4
DA:90,76
DA:91,41
DA:92,40
DA:93,41
DA:94,42
DA:95,45
DA:96,43
DA:97,44
DA:98,42
DA:99,46
DA:100,40
DA:101,42
DA:103,34
DA:104,15
DA:105,8
DA:106,8
DA:107,9
DA:108,9
DA:109,9
DA:110,9
DA:111,11
DA:112,11
DA:113,11
DA:114,10
DA:115,10
DA:116,17
DA:117,15
DA:118,7
DA:120,38
DA:121,41
DA:122,38
DA:123,39
DA:124,38
DA:125,37
DA:126,36
DA:127,38
DA:128,42
DA:129,35
DA:130,3
DA:131,2
LF:119
LH:119
end_of_record
TN:
SF:src\perf\wasm-kernels.ts
FNF:7
FNH:7
DA:1,28
DA:3,12130
DA:361,30
DA:362,76
DA:363,65
DA:364,59
DA:365,36
DA:366,32
DA:368,16
DA:369,54
DA:370,56
DA:371,33
DA:372,0
DA:373,1
DA:376,23
DA:377,39
DA:378,31
DA:381,15
DA:382,34
DA:383,62
DA:384,60
DA:387,14
DA:393,3
DA:394,41
DA:395,76
DA:396,131
DA:397,125
DA:398,20
DA:399,56
DA:400,57
DA:401,57
DA:404,14
DA:419,3
DA:420,67
DA:421,64
DA:422,81
DA:423,29
DA:424,17
DA:425,9
DA:426,145
DA:427,145
DA:428,148
DA:429,148
DA:430,148
DA:431,65
DA:432,166
DA:433,175
DA:434,148
DA:435,148
DA:436,163
DA:437,137
DA:439,32
DA:440,14
DA:441,6
DA:442,6
DA:443,7
DA:444,7
DA:445,8
DA:446,13
DA:447,16
DA:448,7
DA:449,7
DA:450,12
DA:451,10
DA:452,14
DA:453,13
DA:454,6
DA:456,73
DA:457,73
DA:458,75
DA:459,75
DA:460,76
DA:461,91
DA:462,0
DA:463,0
DA:464,0
DA:465,0
DA:467,2
DA:471,14
DA:486,3
DA:487,57
DA:488,91
DA:489,91
DA:490,94
DA:491,95
DA:492,109
DA:493,99
DA:494,61
DA:495,1
DA:498,11
DA:499,38
LF:91
LH:86
end_of_record
TN:
SF:src\render\active-subject.test.ts
FNF:5
FNH:5
DA:1,50
DA:3,80
DA:5,6
DA:6,12
DA:7,26
DA:8,15
DA:9,17
DA:10,136
DA:11,108
DA:12,139
DA:13,107
DA:14,27
DA:15,17
DA:16,22
DA:17,114
DA:18,16
DA:19,16
DA:20,22
DA:21,22
DA:22,21
DA:23,21
DA:24,22
DA:25,20
DA:26,23
DA:27,67
DA:28,32
DA:29,34
DA:30,27
DA:31,17
DA:32,1
DA:35,20
DA:36,12
DA:37,18
DA:38,15
DA:39,20
DA:40,17
DA:41,20
DA:42,17
DA:43,21
DA:44,18
DA:45,26
DA:46,23
DA:47,27
DA:48,23
DA:49,28
DA:50,25
DA:51,22
DA:52,18
DA:53,23
DA:54,20
DA:55,20
DA:56,24
DA:57,24
DA:58,19
DA:59,22
DA:60,18
DA:61,20
DA:62,22
DA:63,23
DA:64,25
DA:65,14
DA:66,17
DA:67,14
DA:68,18
DA:69,15
DA:70,18
DA:71,23
DA:72,18
DA:73,23
DA:74,21
DA:75,28
DA:76,18
DA:77,17
DA:78,16
DA:79,20
DA:80,24
DA:81,25
DA:82,29
DA:83,19
DA:84,24
DA:85,11
DA:86,2
DA:89,22
DA:90,16
DA:91,17
DA:92,19
DA:93,16
DA:94,22
DA:95,33
DA:96,21
DA:97,27
DA:98,23
DA:99,25
DA:100,25
DA:101,28
DA:102,23
DA:103,34
DA:104,31
DA:105,22
DA:106,22
DA:107,38
DA:108,27
DA:109,34
DA:110,22
DA:111,2
DA:113,47
DA:114,82
DA:115,34
DA:116,52
DA:117,30
DA:119,27
DA:120,12
DA:121,12
DA:122,14
DA:123,18
DA:124,22
DA:125,7
DA:127,38
DA:128,4
DA:130,93
DA:131,34
DA:132,52
DA:133,16
DA:134,16
DA:135,126
DA:137,27
DA:138,12
DA:139,12
DA:140,14
DA:141,54
DA:142,22
DA:143,7
DA:145,39
DA:146,52
DA:147,3
DA:148,2
LF:136
LH:136
end_of_record
TN:
SF:src\render\active-subject.ts
FNF:8
FNH:8
DA:1,34
DA:13,53
DA:15,26
DA:16,29
DA:17,33
DA:18,31
DA:19,31
DA:20,1
DA:22,1
DA:23,7
DA:24,9
DA:25,13
DA:26,3
DA:27,32
DA:28,0
DA:29,0
DA:30,0
DA:31,5
DA:32,13
DA:33,80
DA:34,0
DA:35,5
DA:36,14
DA:37,22
DA:38,26
DA:40,13
DA:44,13
DA:45,72
DA:46,73
DA:47,96
DA:50,30
DA:51,12
DA:52,96
DA:53,93
DA:54,1
DA:57,11
DA:58,32
DA:59,0
DA:60,0
DA:61,0
DA:62,5
DA:63,12
DA:64,31
DA:65,24
DA:67,27
DA:71,8
DA:76,3
DA:77,53
DA:78,105
DA:79,44
DA:80,87
DA:81,115
DA:82,48
DA:85,1
DA:86,7
DA:87,9
DA:88,12
DA:89,13
DA:90,3
DA:91,62
DA:92,22
DA:93,20
DA:94,24
DA:95,26
DA:96,26
DA:97,23
DA:98,21
DA:99,4
DA:100,39
DA:101,78
DA:102,0
DA:103,41
DA:104,0
DA:105,104
DA:106,0
DA:107,3
DA:108,37
DA:109,0
DA:110,2
DA:111,77
DA:112,0
DA:113,2
DA:114,51
DA:115,12
DA:116,17
DA:117,15
DA:118,99
DA:119,103
DA:120,81
DA:121,75
DA:122,76
DA:123,2
DA:126,18
DA:127,12
DA:128,28
DA:129,28
DA:130,34
DA:131,34
DA:132,42
DA:133,42
DA:134,10
DA:135,10
DA:136,35
DA:137,19
DA:138,20
DA:139,18
DA:140,22
DA:141,20
DA:142,26
DA:143,14
DA:144,25
DA:145,22
DA:146,2
DA:149,14
DA:157,3
DA:158,98
DA:159,28
DA:160,28
DA:161,82
DA:162,54
DA:163,55
DA:164,0
DA:165,2
DA:166,20
DA:168,44
DA:169,102
DA:170,75
DA:171,67
DA:172,63
DA:173,63
DA:174,41
DA:175,2
DA:176,20
DA:177,41
DA:178,2
DA:180,97
DA:181,76
DA:182,109
DA:183,43
DA:184,38
DA:185,16
DA:186,32
DA:187,35
DA:188,65
DA:189,35
DA:190,19
DA:191,32
DA:192,35
DA:193,123
DA:194,91
DA:195,19
DA:196,32
DA:197,35
DA:198,130
DA:199,97
DA:200,54
DA:201,20
DA:202,23
DA:203,21
DA:204,25
DA:205,20
DA:206,20
DA:207,7
DA:209,73
DA:210,112
DA:211,35
DA:212,82
DA:213,3
DA:214,5
DA:215,4
DA:216,97
DA:217,53
DA:218,53
DA:220,18
DA:221,0
DA:222,0
DA:223,0
DA:224,5
DA:225,13
DA:226,51
DA:227,93
DA:228,5
DA:229,0
DA:230,0
DA:231,0
DA:232,5
DA:233,17
DA:234,53
DA:235,76
DA:236,92
DA:237,5
DA:238,0
DA:239,0
DA:240,0
DA:241,0
DA:242,0
DA:243,0
DA:244,0
DA:245,0
DA:246,5
DA:247,17
DA:248,57
DA:249,59
DA:250,7
DA:253,77
DA:254,93
DA:255,93
DA:256,65
DA:257,127
DA:258,127
DA:259,94
DA:260,94
DA:261,19
DA:262,40
DA:263,60
DA:264,32
DA:265,82
DA:266,36
DA:267,36
DA:268,54
DA:269,54
DA:271,16
DA:272,25
DA:273,21
DA:274,20
DA:275,20
DA:276,6
DA:277,77
DA:278,47
DA:279,6
DA:280,19
DA:281,6
DA:282,18
DA:283,2
DA:284,6
DA:285,48
DA:286,48
DA:287,76
DA:288,120
DA:289,89
DA:290,87
DA:291,87
DA:292,22
DA:293,22
DA:295,79
DA:296,30
DA:297,30
DA:298,29
DA:299,48
DA:300,44
DA:301,54
DA:302,57
DA:303,7
DA:304,25
DA:305,55
DA:307,32
DA:308,35
DA:309,77
DA:310,47
DA:312,28
DA:313,23
DA:314,6
DA:315,4
DA:316,4
DA:317,23
DA:318,7
DA:319,28
DA:320,30
DA:321,29
DA:322,29
DA:323,26
DA:324,25
DA:325,28
DA:326,6
DA:327,39
DA:328,3
DA:330,72
DA:331,35
DA:332,20
DA:333,31
DA:334,4
DA:335,19
DA:336,4
DA:337,18
DA:338,2
DA:339,18
DA:340,2
DA:341,19
DA:342,2
DA:343,21
DA:344,4
DA:345,4
DA:346,66
DA:347,43
DA:348,27
DA:349,17
DA:350,17
DA:351,59
DA:352,34
DA:353,5
DA:354,2
DA:355,37
DA:356,0
DA:357,2
DA:358,63
DA:359,36
DA:360,61
DA:361,41
DA:362,93
DA:363,51
DA:364,2
DA:366,12
DA:367,21
DA:368,13
DA:369,29
DA:370,36
DA:371,15
DA:372,15
DA:373,43
DA:374,39
DA:375,46
DA:376,1
LF:322
LH:294
end_of_record
TN:
SF:src\render\atmosphere-graph.ts
FNF:11
FNH:11
DA:1,33
DA:13,16
DA:14,124
DA:17,1
DA:18,3
DA:19,3
DA:20,8
DA:21,8
DA:22,6
DA:23,13
DA:24,3
DA:25,12
DA:26,6
DA:27,6
DA:28,11
DA:29,52
DA:30,16
DA:31,6
DA:32,1
DA:35,22
DA:36,22
DA:37,121
DA:38,4
DA:39,84
DA:40,54
DA:41,13
DA:42,4
DA:43,113
DA:44,2
DA:45,87
DA:46,54
DA:47,13
DA:48,4
DA:49,124
DA:50,2
DA:51,15
DA:54,31
DA:55,20
DA:56,82
DA:57,58
DA:58,116
DA:59,30
DA:60,51
DA:61,12
DA:62,43
DA:63,67
DA:64,22
DA:65,0
DA:66,4
DA:67,19
DA:68,13
DA:69,77
DA:70,90
DA:71,35
DA:72,5
DA:73,2
DA:74,13
DA:77,22
DA:78,21
DA:79,59
DA:80,65
DA:81,51
DA:82,54
DA:83,13
DA:84,4
DA:85,20
DA:86,30
DA:87,30
DA:88,18
DA:89,18
DA:90,57
DA:91,73
DA:92,39
DA:93,45
DA:94,5
DA:95,2
DA:96,66
DA:97,54
DA:98,13
DA:99,4
DA:100,174
DA:101,20
DA:102,20
DA:103,20
DA:104,18
DA:105,18
DA:106,59
DA:107,74
DA:108,39
DA:109,45
DA:110,5
DA:111,2
DA:112,14
DA:115,31
DA:116,19
DA:117,50
DA:118,0
DA:119,2
DA:120,16
DA:121,24
DA:122,24
DA:123,68
DA:124,45
DA:125,55
DA:126,5
DA:127,50
DA:128,70
DA:129,18
DA:130,19
DA:131,19
DA:132,68
DA:133,47
DA:134,56
DA:135,5
DA:136,2
DA:137,25
DA:140,6
DA:141,9
DA:142,17
DA:143,12
DA:144,8
DA:145,3
DA:146,62
DA:147,70
DA:148,67
DA:149,81
DA:150,12
DA:151,33
DA:152,13
DA:153,15
DA:154,19
DA:155,18
DA:156,100
DA:157,45
DA:158,126
DA:159,95
DA:160,1
LF:137
LH:135
end_of_record
TN:
SF:src\render\background-elements.test.ts
FNF:9
FNH:9
DA:1,50
DA:3,125
DA:5,16
DA:6,19
DA:7,32
DA:8,19
DA:9,19
DA:10,2
DA:11,2
DA:13,48
DA:14,62
DA:15,52
DA:16,4
DA:18,46
DA:19,64
DA:20,50
DA:21,86
DA:22,92
DA:23,99
DA:24,96
DA:25,4
DA:27,64
DA:28,49
DA:29,29
DA:30,34
DA:31,25
DA:32,9
DA:33,7
DA:34,50
DA:35,29
DA:36,34
DA:37,25
DA:38,9
DA:39,7
DA:40,37
DA:41,4
DA:43,71
DA:44,48
DA:45,32
DA:46,34
DA:47,25
DA:48,12
DA:49,26
DA:50,7
DA:51,47
DA:52,32
DA:53,34
DA:54,25
DA:55,12
DA:56,25
DA:57,7
DA:58,31
DA:59,30
DA:60,106
DA:61,3
DA:62,2
LF:56
LH:56
end_of_record
TN:
SF:src\render\background-elements.ts
FNF:14
FNH:9
DA:1,34
DA:2,54
DA:13,19
DA:14,17
DA:15,21
DA:16,17
DA:17,11
DA:18,20
DA:19,14
DA:20,15
DA:21,14
DA:22,20
DA:23,16
DA:24,18
DA:25,18
DA:26,26
DA:27,20
DA:28,16
DA:29,19
DA:30,17
DA:31,19
DA:32,20
DA:33,15
DA:34,15
DA:35,20
DA:36,19
DA:37,18
DA:38,19
DA:39,1
DA:54,1
DA:55,4
DA:56,8
DA:57,17
DA:58,16
DA:59,20
DA:60,18
DA:61,16
DA:62,17
DA:63,15
DA:64,15
DA:65,6
DA:66,3
DA:67,12
DA:68,7
DA:69,11
DA:70,20
DA:71,19
DA:72,23
DA:73,21
DA:74,19
DA:75,20
DA:76,18
DA:77,18
DA:78,44
DA:79,42
DA:80,34
DA:81,46
DA:82,38
DA:83,52
DA:84,60
DA:85,52
DA:86,85
DA:87,93
DA:88,32
DA:89,30
DA:90,2
DA:93,94
DA:94,75
DA:95,68
DA:96,65
DA:98,23
DA:99,26
DA:100,22
DA:101,31
DA:102,27
DA:103,26
DA:104,30
DA:105,24
DA:106,2
DA:108,51
DA:110,42
DA:111,582
DA:112,628
DA:113,586
DA:114,583
DA:115,613
DA:116,672
DA:117,593
DA:118,546
DA:119,621
DA:120,630
DA:121,634
DA:122,550
DA:123,639
DA:124,680
DA:125,556
DA:126,603
DA:127,597
DA:128,596
DA:129,606
DA:130,628
DA:131,555
DA:132,592
DA:133,597
DA:134,572
DA:135,642
DA:136,741
DA:137,755
DA:138,738
DA:139,718
DA:140,753
DA:141,689
DA:142,734
DA:143,724
DA:144,751
DA:145,730
DA:146,709
DA:147,739
DA:148,781
DA:149,787
DA:150,761
DA:151,818
DA:152,795
DA:153,751
DA:154,743
DA:155,700
DA:156,743
DA:157,739
DA:158,740
DA:159,772
DA:160,798
DA:161,1
DA:163,11
DA:164,24
DA:165,57
DA:166,36
DA:167,35
DA:168,2
DA:169,17
DA:172,0
DA:173,1
DA:176,16
DA:177,95
DA:178,26
DA:179,11
DA:180,0
DA:181,0
DA:182,1
DA:185,14
DA:193,3
DA:194,59
DA:195,22
DA:196,0
DA:197,2
DA:198,49
DA:199,71
DA:200,26
DA:201,19
DA:202,46
DA:203,107
DA:204,109
DA:205,81
DA:206,56
DA:207,131
DA:208,111
DA:209,29
DA:210,38
DA:211,53
DA:212,48
DA:213,53
DA:214,53
DA:215,27
DA:216,123
DA:217,6
DA:218,5
DA:219,14
DA:220,12
DA:221,155
DA:222,1
DA:223,2
DA:224,36
DA:225,71
DA:226,163
DA:227,37
DA:228,26
DA:229,23
DA:230,17
DA:231,2
DA:232,0
DA:233,1
DA:236,0
DA:237,0
DA:238,0
DA:239,0
DA:240,0
DA:241,0
DA:242,0
DA:243,0
DA:244,0
DA:245,0
LF:200
LH:185
end_of_record
TN:
SF:src\render\background-reactivity.test.ts
FNF:12
FNH:12
DA:1,50
DA:3,58
DA:4,128
DA:9,85
DA:11,31
DA:12,12
DA:13,20
DA:14,24
DA:15,24
DA:16,21
DA:17,17
DA:18,19
DA:19,20
DA:20,15
DA:21,20
DA:22,19
DA:23,19
DA:24,21
DA:25,22
DA:26,21
DA:27,21
DA:28,19
DA:29,6
DA:30,18
DA:31,26
DA:32,19
DA:33,21
DA:34,24
DA:35,21
DA:36,22
DA:37,21
DA:38,36
DA:39,21
DA:40,21
DA:41,21
DA:42,19
DA:43,19
DA:44,19
DA:45,18
DA:46,18
DA:47,18
DA:48,16
DA:49,17
DA:50,17
DA:51,16
DA:52,16
DA:53,16
DA:54,22
DA:55,20
DA:56,22
DA:57,21
DA:58,20
DA:59,24
DA:60,23
DA:61,24
DA:62,27
DA:63,26
DA:64,22
DA:65,20
DA:66,24
DA:67,21
DA:68,22
DA:69,18
DA:70,27
DA:71,31
DA:72,13
DA:73,6
DA:74,14
DA:75,26
DA:76,20
DA:77,23
DA:78,60
DA:79,57
DA:80,6
DA:81,25
DA:82,23
DA:83,21
DA:84,27
DA:85,19
DA:86,1
DA:89,18
DA:90,12
DA:91,37
DA:92,15
DA:93,17
DA:94,136
DA:95,108
DA:96,139
DA:97,107
DA:98,27
DA:99,17
DA:100,22
DA:101,114
DA:102,16
DA:103,16
DA:104,22
DA:105,22
DA:106,21
DA:107,21
DA:108,22
DA:109,20
DA:110,23
DA:111,66
DA:112,32
DA:113,17
DA:114,27
DA:115,17
DA:116,1
DA:119,20
DA:120,12
DA:121,18
DA:122,15
DA:123,20
DA:124,17
DA:125,20
DA:126,17
DA:127,21
DA:128,18
DA:129,26
DA:130,24
DA:131,26
DA:132,24
DA:133,27
DA:134,24
DA:135,22
DA:136,18
DA:137,22
DA:138,20
DA:139,20
DA:140,24
DA:141,24
DA:142,20
DA:143,22
DA:144,19
DA:145,19
DA:146,22
DA:147,24
DA:148,24
DA:149,14
DA:150,17
DA:151,14
DA:152,18
DA:153,15
DA:154,18
DA:155,22
DA:156,18
DA:157,23
DA:158,21
DA:159,28
DA:160,18
DA:161,17
DA:162,16
DA:163,20
DA:164,24
DA:165,25
DA:166,29
DA:167,19
DA:168,24
DA:169,11
DA:170,1
DA:173,20
DA:174,12
DA:175,14
DA:176,14
DA:177,12
DA:178,12
DA:179,19
DA:180,18
DA:181,66
DA:182,42
DA:183,21
DA:184,27
DA:185,26
DA:186,32
DA:187,22
DA:188,6
DA:189,23
DA:190,18
DA:191,15
DA:192,15
DA:193,19
DA:194,13
DA:195,6
DA:196,23
DA:197,16
DA:198,19
DA:199,23
DA:200,17
DA:201,25
DA:202,20
DA:203,16
DA:204,6
DA:205,21
DA:206,22
DA:207,24
DA:208,26
DA:209,27
DA:210,19
DA:211,6
DA:212,20
DA:213,37
DA:214,33
DA:215,30
DA:216,35
DA:217,32
DA:218,6
DA:219,21
DA:220,24
DA:221,32
DA:222,30
DA:223,20
DA:224,19
DA:225,18
DA:226,5
DA:227,9
DA:228,11
DA:229,2
DA:232,48
DA:233,65
DA:234,49
DA:235,36
DA:236,88
DA:238,82
DA:239,78
DA:240,80
DA:241,80
DA:242,116
DA:243,4
DA:245,100
DA:246,153
DA:247,162
DA:248,158
DA:249,4
DA:251,79
DA:252,36
DA:253,112
DA:254,118
DA:255,110
DA:257,118
DA:258,122
DA:259,116
DA:260,4
DA:262,91
DA:263,36
DA:264,28
DA:265,30
DA:267,107
DA:268,106
DA:269,106
DA:270,4
DA:272,84
DA:273,36
DA:274,28
DA:275,101
DA:276,100
DA:278,73
DA:279,4
DA:281,110
DA:282,28
DA:283,133
DA:284,133
DA:286,66
DA:287,70
DA:289,45
DA:290,73
DA:291,4
DA:293,90
DA:294,54
DA:295,37
DA:296,28
DA:297,31
DA:298,7
DA:299,54
DA:300,37
DA:301,31
DA:302,29
DA:303,5
DA:304,3
DA:305,2
LF:279
LH:279
end_of_record
TN:
SF:src\render\background-reactivity.ts
FNF:2
FNH:2
DA:1,34
DA:3,41
DA:18,22
DA:19,41
DA:20,104
DA:21,129
DA:22,31
DA:23,45
DA:24,43
DA:25,50
DA:26,3
DA:27,54
DA:28,4
DA:29,84
DA:30,29
DA:31,29
DA:32,28
DA:33,32
DA:34,47
DA:35,3
DA:36,1
DA:37,4
DA:38,74
DA:41,6
DA:42,7
DA:43,7
DA:44,6
DA:45,7
DA:46,16
DA:47,3
DA:48,38
DA:49,15
DA:50,59
DA:51,53
DA:52,53
DA:53,62
DA:54,55
DA:55,39
DA:56,82
DA:57,74
DA:58,68
DA:59,70
DA:60,28
DA:61,49
DA:62,108
DA:63,74
DA:64,52
DA:65,45
DA:66,98
DA:67,27
DA:68,12
DA:69,20
DA:70,7
DA:71,42
DA:72,34
DA:73,56
DA:74,17
DA:75,6
DA:76,22
DA:77,50
DA:78,1
LF:61
LH:61
end_of_record
TN:
SF:src\render\composition-plan.test.ts
FNF:7
FNH:7
DA:1,50
DA:2,118
DA:5,15
DA:6,12
DA:7,20
DA:8,24
DA:9,24
DA:10,21
DA:11,17
DA:12,19
DA:13,20
DA:14,15
DA:15,20
DA:16,19
DA:17,19
DA:18,21
DA:19,22
DA:20,21
DA:21,21
DA:22,19
DA:23,6
DA:24,18
DA:25,26
DA:26,19
DA:27,21
DA:28,24
DA:29,21
DA:30,22
DA:31,21
DA:32,36
DA:33,21
DA:34,21
DA:35,21
DA:36,18
DA:37,18
DA:38,18
DA:39,17
DA:40,17
DA:41,17
DA:42,15
DA:43,15
DA:44,15
DA:45,16
DA:46,16
DA:47,16
DA:48,20
DA:49,20
DA:50,22
DA:51,21
DA:52,20
DA:53,24
DA:54,21
DA:55,21
DA:56,24
DA:57,23
DA:58,22
DA:59,18
DA:60,21
DA:61,18
DA:62,22
DA:63,18
DA:64,27
DA:65,25
DA:66,6
DA:67,14
DA:68,26
DA:69,20
DA:70,23
DA:71,25
DA:72,23
DA:73,21
DA:74,27
DA:75,19
DA:76,1
DA:79,6
DA:80,12
DA:81,29
DA:82,15
DA:83,17
DA:84,136
DA:85,108
DA:86,139
DA:87,107
DA:88,27
DA:89,17
DA:90,22
DA:91,114
DA:92,22
DA:93,22
DA:94,22
DA:95,20
DA:96,21
DA:97,19
DA:98,22
DA:99,67
DA:100,36
DA:101,27
DA:102,30
DA:103,16
DA:104,17
DA:105,18
DA:106,2
DA:109,46
DA:110,99
DA:111,76
DA:112,51
DA:114,63
DA:115,66
DA:116,7
DA:117,34
DA:118,6
DA:119,7
DA:120,86
DA:121,86
DA:122,1
DA:123,1
DA:124,12
DA:125,4
DA:127,115
DA:128,76
DA:130,59
DA:131,52
DA:132,56
DA:133,3
DA:134,2
LF:125
LH:125
end_of_record
TN:
SF:src\render\composition-plan.ts
FNF:29
FNH:28
DA:1,33
DA:14,23
DA:15,48
DA:16,27
DA:17,0
DA:18,2
DA:19,28
DA:20,0
DA:21,2
DA:22,30
DA:23,0
DA:24,2
DA:25,59
DA:28,13
DA:29,18
DA:30,111
DA:31,72
DA:34,25
DA:35,39
DA:36,23
DA:37,22
DA:38,20
DA:39,21
DA:40,24
DA:41,18
DA:42,27
DA:43,24
DA:44,25
DA:45,21
DA:46,25
DA:47,24
DA:48,22
DA:49,21
DA:50,18
DA:51,53
DA:52,27
DA:53,38
DA:54,17
DA:55,21
DA:56,18
DA:57,24
DA:58,23
DA:59,21
DA:60,22
DA:61,18
DA:62,53
DA:64,5
DA:66,21
DA:67,38
DA:68,17
DA:69,16
DA:70,0
DA:71,0
DA:72,0
DA:73,18
DA:75,20
DA:77,18
DA:78,18
DA:79,22
DA:80,19
DA:82,0
DA:83,0
DA:84,0
DA:85,0
DA:86,0
DA:87,0
DA:88,0
DA:89,0
DA:90,0
DA:91,0
DA:93,0
DA:98,13
DA:99,30
DA:100,32
DA:101,48
DA:102,11
DA:103,107
DA:104,11
DA:105,113
DA:106,0
DA:107,0
DA:108,0
DA:109,5
DA:110,26
DA:112,17
DA:113,23
DA:114,25
DA:115,27
DA:116,30
DA:117,18
DA:118,28
DA:119,2
DA:123,16
DA:124,90
DA:127,17
DA:128,51
DA:131,10
DA:132,39
DA:135,1
DA:136,3
DA:137,3
DA:138,8
DA:139,8
DA:140,7
DA:141,13
DA:142,13
DA:143,3
DA:144,12
DA:145,6
DA:146,6
DA:147,11
DA:148,11
DA:149,10
DA:150,53
DA:151,1
DA:154,13
DA:155,117
DA:156,12
DA:157,56
DA:158,56
DA:159,1
DA:162,1
DA:163,9
DA:164,16
DA:165,13
DA:166,13
DA:167,12
DA:168,3
DA:169,19
DA:170,60
DA:171,63
DA:172,13
DA:173,4
DA:174,78
DA:175,39
DA:176,13
DA:177,4
DA:178,140
DA:179,29
DA:180,10
DA:181,2
DA:182,2
DA:183,27
DA:184,12
DA:185,2
DA:186,56
DA:187,96
DA:188,71
DA:189,13
DA:190,4
DA:191,77
DA:192,39
DA:193,13
DA:194,4
DA:195,147
DA:196,29
DA:197,10
DA:198,2
DA:199,2
DA:200,12
DA:203,1
DA:204,9
DA:205,16
DA:206,13
DA:207,13
DA:208,12
DA:209,7
DA:210,13
DA:211,3
DA:212,19
DA:213,55
DA:214,53
DA:215,76
DA:216,61
DA:217,26
DA:218,28
DA:219,74
DA:220,6
DA:221,106
DA:222,108
DA:223,49
DA:224,13
DA:225,4
DA:226,117
DA:227,13
DA:228,4
DA:229,11
DA:230,14
DA:231,3
DA:232,3
DA:233,81
DA:234,26
DA:235,7
DA:236,13
DA:237,11
DA:238,1
DA:239,4
DA:240,2
DA:241,12
DA:244,1
DA:245,9
DA:246,16
DA:247,13
DA:248,13
DA:249,12
DA:250,3
DA:251,19
DA:252,24
DA:253,58
DA:254,57
DA:255,58
DA:256,57
DA:257,57
DA:258,54
DA:259,4
DA:260,40
DA:261,69
DA:262,13
DA:263,4
DA:264,90
DA:265,13
DA:266,4
DA:267,135
DA:268,29
DA:269,10
DA:270,2
DA:271,2
DA:272,26
DA:273,137
DA:274,2
DA:275,12
DA:278,21
DA:279,49
DA:280,14
DA:281,14
DA:282,51
DA:283,21
DA:284,2
DA:287,55
DA:288,19
DA:289,27
DA:290,24
DA:291,37
DA:292,39
DA:293,44
DA:294,45
DA:295,51
DA:296,15
DA:297,6
DA:298,68
DA:299,71
DA:300,15
DA:301,6
DA:302,100
DA:303,2
DA:304,2
DA:305,13
DA:308,25
DA:309,52
DA:312,37
DA:313,54
DA:314,65
DA:315,39
DA:316,57
DA:317,41
DA:318,58
DA:319,76
DA:320,75
DA:321,30
DA:322,198
DA:323,191
DA:324,192
DA:325,192
DA:326,189
DA:327,25
DA:328,169
DA:329,95
DA:330,21
DA:331,29
DA:332,30
DA:333,32
DA:334,5
DA:335,17
DA:336,16
DA:337,64
DA:338,1
DA:339,4
DA:340,65
DA:341,64
DA:342,35
DA:343,35
DA:344,58
DA:345,25
DA:346,147
DA:347,4
DA:348,46
DA:349,4
DA:350,43
DA:351,104
DA:352,33
DA:353,148
DA:354,2
DA:355,39
DA:356,102
DA:357,105
DA:358,45
DA:359,4
DA:360,110
DA:361,103
DA:362,37
DA:363,12
DA:364,114
DA:365,74
DA:366,30
DA:367,129
DA:368,3
DA:369,1
DA:370,4
DA:371,12
DA:372,33
DA:373,16
DA:374,16
DA:375,15
DA:376,24
DA:377,20
DA:378,19
DA:379,17
DA:380,20
DA:381,19
DA:382,40
DA:383,46
DA:384,105
DA:385,54
DA:386,47
DA:387,78
DA:388,2
DA:391,12
DA:395,3
DA:396,99
DA:397,12
DA:398,47
DA:399,53
DA:400,15
DA:401,2
DA:404,0
DA:405,0
DA:406,0
DA:407,0
DA:408,0
DA:409,0
DA:410,0
DA:411,0
DA:412,0
DA:413,0
DA:414,0
DA:415,1
DA:418,6
DA:419,6
DA:420,8
DA:421,3
DA:422,24
DA:423,0
DA:424,2
DA:425,19
DA:426,32
DA:427,63
DA:428,75
DA:429,13
DA:430,77
DA:432,2
DA:433,44
LF:371
LH:339
end_of_record
TN:
SF:src\render\edge-field.ts
FNF:4
FNH:3
DA:1,34
DA:9,26
DA:10,84
DA:11,86
DA:12,52
DA:13,12
DA:14,37
DA:15,38
DA:16,2
DA:19,32
DA:20,57
DA:21,59
DA:22,63
DA:23,59
DA:24,38
DA:25,41
DA:27,32
DA:28,72
DA:29,74
DA:30,38
DA:31,34
DA:32,56
DA:33,46
DA:34,50
DA:35,27
DA:36,2
DA:38,59
DA:39,34
DA:40,39
DA:41,23
DA:42,13
DA:43,4
DA:44,51
DA:45,55
DA:46,41
DA:47,38
DA:48,40
DA:49,2
DA:51,12
DA:52,14
DA:53,15
DA:54,14
DA:55,15
DA:56,12
DA:57,9
DA:58,2
DA:61,29
DA:62,90
DA:63,92
DA:64,49
DA:65,39
DA:68,0
DA:69,0
DA:70,0
DA:71,0
DA:72,0
DA:73,0
DA:74,0
DA:75,0
DA:76,0
DA:77,0
DA:78,0
DA:79,0
DA:80,0
DA:81,0
DA:82,0
DA:83,0
DA:84,0
DA:85,0
LF:69
LH:51
end_of_record
TN:
SF:src\render\effects.ts
FNF:10
FNH:5
DA:1,34
DA:2,51
DA:3,41
DA:35,6
DA:36,13
DA:37,7
DA:38,8
DA:39,7
DA:40,10
DA:41,21
DA:42,3
DA:43,36
DA:44,70
DA:45,142
DA:46,38
DA:47,0
DA:48,0
DA:49,0
DA:50,0
DA:51,0
DA:52,0
DA:53,0
DA:54,0
DA:55,0
DA:56,0
DA:57,0
DA:58,0
DA:59,0
DA:60,0
DA:61,0
DA:62,0
DA:63,0
DA:64,5
DA:65,13
DA:66,36
DA:67,17
DA:68,24
DA:69,26
DA:70,28
DA:71,37
DA:72,33
DA:73,34
DA:74,36
DA:75,32
DA:76,32
DA:77,40
DA:78,37
DA:79,38
DA:80,33
DA:81,25
DA:82,23
DA:83,0
DA:85,0
DA:86,0
DA:87,0
DA:88,0
DA:89,0
DA:90,0
DA:91,0
DA:92,0
DA:93,0
DA:94,0
DA:95,0
DA:96,0
DA:97,0
DA:98,0
DA:99,0
DA:100,0
DA:101,0
DA:105,37
DA:106,55
DA:107,17
DA:108,0
DA:109,0
DA:110,0
DA:111,0
DA:112,0
DA:113,0
DA:114,0
DA:115,0
DA:118,1
DA:119,8
DA:120,8
DA:121,9
DA:122,7
DA:123,8
DA:124,6
DA:125,4
DA:126,4
DA:127,7
DA:128,3
DA:129,41
DA:130,51
DA:131,49
DA:132,51
DA:133,27
DA:134,40
DA:135,16
DA:136,29
DA:137,58
DA:138,18
DA:141,0
DA:142,0
DA:143,0
DA:144,0
DA:145,0
DA:146,0
DA:147,0
DA:148,0
DA:149,0
DA:150,0
DA:151,0
DA:152,0
DA:153,0
DA:154,0
DA:155,0
DA:156,0
DA:157,0
DA:158,0
DA:159,0
DA:160,0
DA:161,0
DA:162,0
DA:163,0
DA:164,0
DA:168,0
DA:169,0
DA:170,0
DA:171,0
DA:172,0
DA:173,0
DA:174,0
DA:175,0
DA:176,0
DA:177,0
DA:178,0
DA:179,0
DA:180,0
DA:181,0
DA:182,0
DA:186,0
DA:187,0
DA:188,0
DA:189,0
DA:190,0
DA:191,0
DA:192,0
DA:193,0
DA:194,0
DA:195,0
DA:196,0
DA:197,0
DA:198,0
DA:199,0
DA:200,0
DA:201,0
DA:202,0
DA:203,0
DA:204,0
DA:205,0
DA:206,0
DA:207,0
DA:208,0
DA:209,0
DA:210,0
DA:214,0
DA:215,0
DA:216,0
DA:217,0
DA:218,0
DA:219,0
DA:220,0
DA:221,0
DA:222,0
DA:223,0
DA:224,0
DA:225,0
DA:226,0
DA:227,0
DA:228,0
DA:229,0
DA:230,0
DA:231,0
DA:232,0
DA:233,0
DA:234,0
DA:235,1
DA:238,14
DA:252,3
DA:253,149
DA:254,15
DA:255,39
DA:256,45
DA:257,2
DA:259,48
DA:260,22
DA:261,0
DA:262,0
DA:263,0
DA:264,0
DA:265,0
DA:266,0
DA:267,0
DA:268,0
DA:269,0
DA:270,0
DA:271,2
DA:272,28
DA:273,47
DA:274,28
DA:275,36
DA:276,45
DA:277,28
DA:279,34
DA:280,26
DA:281,4
DA:282,42
DA:283,62
DA:284,31
DA:285,9
DA:286,19
DA:287,48
DA:288,136
DA:289,35
DA:290,0
DA:291,8
DA:292,20
DA:293,6
DA:294,68
DA:295,97
DA:296,111
DA:297,89
DA:298,5
DA:299,5
DA:300,19
DA:301,41
DA:302,44
DA:303,40
DA:304,6
DA:305,31
DA:306,64
DA:307,73
DA:308,82
DA:309,10
DA:310,21
DA:311,51
DA:312,49
DA:313,103
DA:314,104
DA:315,51
DA:316,6
DA:317,31
DA:318,65
DA:319,78
DA:320,53
DA:321,5
DA:322,0
DA:323,0
DA:324,0
DA:325,0
DA:326,0
DA:327,0
DA:328,0
DA:329,0
DA:330,0
DA:331,0
DA:332,0
DA:333,0
DA:334,0
DA:335,0
DA:336,0
DA:337,0
DA:338,0
DA:339,0
DA:340,0
DA:341,0
DA:342,2
DA:345,12
DA:346,22
DA:347,29
DA:348,17
DA:349,20
DA:350,64
DA:351,51
DA:352,82
DA:353,18
DA:354,15
DA:355,2
DA:358,14
DA:371,3
DA:372,157
DA:373,79
DA:375,30
DA:376,21
DA:377,93
DA:378,0
DA:379,6
DA:380,51
DA:381,17
DA:382,46
DA:383,78
DA:384,49
DA:385,58
DA:386,24
DA:387,8
DA:388,50
DA:389,102
DA:390,30
DA:391,3
DA:392,11
DA:393,10
DA:394,17
DA:395,6
DA:396,20
DA:397,5
DA:398,5
DA:399,26
DA:400,87
DA:401,12
DA:402,6
DA:403,17
DA:404,64
DA:405,46
DA:406,128
DA:407,119
DA:408,47
DA:409,50
DA:410,53
DA:411,55
DA:412,19
DA:413,85
DA:414,109
DA:415,32
DA:416,85
DA:417,20
DA:418,6
DA:419,20
DA:420,4
DA:421,17
DA:422,36
DA:423,35
DA:424,58
DA:425,0
DA:426,0
DA:427,0
DA:428,0
DA:429,0
DA:430,0
DA:431,0
DA:432,0
DA:433,0
DA:434,0
DA:435,0
DA:436,0
DA:437,0
DA:438,0
DA:439,0
DA:440,0
DA:441,0
DA:442,6
DA:443,5
DA:444,5
DA:445,23
DA:446,87
DA:447,12
DA:448,6
DA:449,64
DA:450,17
DA:451,46
DA:452,61
DA:453,56
DA:454,57
DA:455,69
DA:456,69
DA:457,71
DA:458,76
DA:459,64
DA:460,96
DA:461,105
DA:462,96
DA:463,6
DA:464,20
DA:465,71
DA:466,0
DA:467,6
DA:468,88
DA:469,0
DA:470,0
DA:471,0
DA:472,0
DA:473,0
DA:474,0
DA:475,0
DA:476,0
DA:477,0
DA:478,0
DA:479,0
DA:480,0
DA:481,0
DA:482,0
DA:483,0
DA:484,0
DA:485,0
DA:486,0
DA:487,0
DA:488,6
DA:489,5
DA:490,0
DA:491,0
DA:492,0
DA:493,0
DA:494,0
DA:495,0
DA:496,0
DA:497,0
DA:498,0
DA:499,0
DA:500,0
DA:501,0
DA:502,0
DA:503,0
DA:504,0
DA:505,0
DA:506,0
DA:507,0
DA:508,0
DA:509,0
DA:510,0
DA:511,0
DA:512,0
DA:513,0
DA:514,0
DA:515,0
DA:516,0
DA:517,0
DA:518,0
DA:519,0
DA:520,0
DA:521,0
DA:522,0
DA:523,0
DA:524,0
DA:525,0
DA:526,0
DA:527,0
DA:528,0
DA:529,0
DA:530,0
DA:531,0
DA:532,0
DA:533,0
DA:534,0
DA:535,0
DA:536,0
DA:537,0
DA:538,0
DA:539,0
DA:540,0
DA:541,0
DA:542,0
DA:543,0
DA:545,2
DA:548,31
DA:549,77
DA:550,80
DA:551,113
DA:552,0
DA:553,2
DA:554,40
DA:555,77
DA:556,84
DA:557,120
DA:558,0
DA:559,2
DA:560,22
DA:561,34
DA:562,34
DA:563,41
DA:564,12
DA:565,27
DA:566,152
DA:567,36
DA:568,15
DA:569,2
DA:572,0
LF:485
LH:231
end_of_record
TN:
SF:src\render\event-specs.test.ts
FNF:5
FNH:5
DA:1,50
DA:3,63
DA:5,20
DA:6,12
DA:7,18
DA:8,15
DA:9,20
DA:10,17
DA:11,20
DA:12,17
DA:13,21
DA:14,18
DA:15,26
DA:16,23
DA:17,26
DA:18,23
DA:19,27
DA:20,24
DA:21,22
DA:22,18
DA:23,22
DA:24,20
DA:25,20
DA:26,25
DA:27,24
DA:28,20
DA:29,22
DA:30,19
DA:31,19
DA:32,22
DA:33,23
DA:34,24
DA:35,14
DA:36,17
DA:37,14
DA:38,18
DA:39,15
DA:40,18
DA:41,22
DA:42,18
DA:43,23
DA:44,21
DA:45,28
DA:46,18
DA:47,17
DA:48,16
DA:49,20
DA:50,23
DA:51,24
DA:52,29
DA:53,18
DA:54,24
DA:55,11
DA:56,2
DA:59,45
DA:60,93
DA:61,95
DA:62,4
DA:64,85
DA:65,40
DA:66,27
DA:67,22
DA:68,7
DA:70,49
DA:71,50
DA:72,3
DA:73,2
LF:67
LH:67
end_of_record
TN:
SF:src\render\event-specs.ts
FNF:10
FNH:9
DA:1,33
DA:13,11
DA:14,24
DA:15,57
DA:16,36
DA:17,35
DA:18,2
DA:19,17
DA:22,11
DA:23,15
DA:24,10
DA:25,67
DA:26,2
DA:29,29
DA:30,10
DA:31,43
DA:32,46
DA:33,30
DA:34,40
DA:35,49
DA:36,55
DA:37,72
DA:38,110
DA:39,82
DA:40,30
DA:41,30
DA:42,28
DA:43,20
DA:44,5
DA:45,10
DA:46,50
DA:47,53
DA:48,29
DA:49,36
DA:50,55
DA:51,40
DA:52,75
DA:53,111
DA:54,83
DA:55,31
DA:56,30
DA:57,28
DA:58,20
DA:59,5
DA:60,10
DA:61,47
DA:62,50
DA:63,23
DA:64,35
DA:65,42
DA:66,65
DA:67,75
DA:68,108
DA:69,83
DA:70,31
DA:71,30
DA:72,28
DA:73,20
DA:74,5
DA:75,10
DA:76,45
DA:77,48
DA:78,24
DA:79,36
DA:80,51
DA:81,58
DA:82,75
DA:83,109
DA:84,82
DA:85,30
DA:86,30
DA:87,28
DA:88,20
DA:89,5
DA:90,10
DA:91,47
DA:92,50
DA:93,26
DA:94,38
DA:95,40
DA:96,54
DA:97,75
DA:98,108
DA:99,82
DA:100,31
DA:101,30
DA:102,27
DA:103,20
DA:104,5
DA:105,10
DA:106,52
DA:107,55
DA:108,27
DA:109,40
DA:110,40
DA:111,57
DA:112,71
DA:113,111
DA:114,82
DA:115,31
DA:116,30
DA:117,28
DA:118,20
DA:119,5
DA:120,10
DA:121,46
DA:122,49
DA:123,29
DA:124,39
DA:125,55
DA:126,53
DA:127,75
DA:128,111
DA:129,81
DA:130,30
DA:131,29
DA:132,28
DA:133,20
DA:134,5
DA:135,10
DA:136,47
DA:137,50
DA:138,29
DA:139,36
DA:140,50
DA:141,55
DA:142,75
DA:143,110
DA:144,83
DA:145,31
DA:146,30
DA:147,28
DA:148,20
DA:149,5
DA:150,10
DA:151,49
DA:152,52
DA:153,29
DA:154,38
DA:155,55
DA:156,59
DA:157,75
DA:158,110
DA:159,80
DA:160,31
DA:161,30
DA:162,28
DA:163,20
DA:164,5
DA:165,10
DA:166,44
DA:167,47
DA:168,27
DA:169,36
DA:170,53
DA:171,55
DA:172,74
DA:173,111
DA:174,83
DA:175,31
DA:176,29
DA:177,27
DA:178,20
DA:179,3
DA:180,2
DA:182,16
DA:183,13
DA:184,28
DA:185,29
DA:186,29
DA:187,34
DA:188,29
DA:189,34
DA:190,3
DA:191,3
DA:192,2
DA:195,14
DA:201,3
DA:202,84
DA:203,88
DA:204,18
DA:205,11
DA:206,53
DA:207,122
DA:208,4
DA:209,25
DA:210,47
DA:211,83
DA:212,17
DA:213,6
DA:214,32
DA:215,21
DA:216,2
DA:217,2
DA:218,22
DA:219,0
DA:220,2
DA:221,110
DA:222,119
DA:223,69
DA:226,14
DA:231,3
DA:232,60
DA:233,41
DA:234,127
DA:235,24
DA:236,16
DA:237,55
DA:238,93
DA:239,59
DA:240,11
DA:241,3
DA:242,3
DA:243,4
DA:244,12
DA:245,16
DA:246,22
DA:247,14
DA:248,76
DA:249,78
DA:250,80
DA:251,44
DA:252,44
DA:253,2
DA:256,0
LF:225
LH:223
end_of_record
TN:
SF:src\render\frame-renderer.contract.test.ts
FNF:5
FNH:5
DA:1,50
DA:2,49
DA:3,49
DA:4,47
DA:7,65
DA:8,12
DA:9,15
DA:10,29
DA:11,43
DA:12,34
DA:13,37
DA:14,34
DA:15,39
DA:16,35
DA:17,47
DA:18,38
DA:19,41
DA:20,38
DA:21,43
DA:22,33
DA:23,32
DA:24,32
DA:25,17
DA:26,20
DA:27,20
DA:28,24
DA:29,24
DA:30,17
DA:31,20
DA:32,16
DA:33,19
DA:34,22
DA:35,18
DA:36,34
DA:37,15
DA:38,18
DA:39,15
DA:40,19
DA:41,16
DA:42,19
DA:43,22
DA:44,18
DA:45,23
DA:46,21
DA:47,23
DA:48,33
DA:49,26
DA:50,41
DA:51,46
DA:52,39
DA:53,40
DA:54,45
DA:55,42
DA:56,43
DA:57,1
DA:60,22
DA:61,73
DA:62,12
DA:63,14
DA:64,75
DA:65,167
DA:66,151
DA:67,131
DA:68,164
DA:69,187
DA:70,175
DA:71,72
DA:72,80
DA:73,120
DA:74,22
DA:75,22
DA:76,21
DA:77,20
DA:78,21
DA:79,20
DA:80,23
DA:81,66
DA:82,32
DA:83,27
DA:84,24
DA:85,15
DA:86,16
DA:87,18
DA:88,2
DA:91,51
DA:92,97
DA:93,22
DA:94,36
DA:95,37
DA:96,36
DA:97,36
DA:98,36
DA:99,33
DA:100,6
DA:101,80
DA:102,25
DA:103,15
DA:104,18
DA:105,16
DA:106,22
DA:107,26
DA:108,26
DA:109,96
DA:110,21
DA:111,19
DA:112,7
DA:113,35
DA:114,33
DA:115,5
DA:116,3
DA:117,7
DA:118,48
DA:119,10
DA:120,24
DA:121,12
DA:122,7
DA:123,6
DA:124,6
DA:126,34
DA:127,32
DA:128,4
DA:130,69
DA:131,77
DA:132,74
DA:133,75
DA:134,57
DA:135,66
DA:136,74
DA:137,3
DA:138,2
LF:130
LH:130
end_of_record
TN:
SF:src\render\frame-renderer.ts
FNF:309
FNH:104
DA:1,94
DA:2,68
DA:3,94
DA:4,112
DA:69,174
DA:70,118
DA:71,162
DA:72,188
DA:73,226
DA:74,116
DA:75,80
DA:76,96
DA:77,156
DA:78,100
DA:79,80
DA:80,342
DA:89,108
DA:90,174
DA:91,94
DA:92,422
DA:102,138
DA:106,398
DA:114,266
DA:120,82
DA:121,140
DA:122,138
DA:127,84
DA:128,100
DA:129,100
DA:131,68
DA:132,70
DA:133,76
DA:157,85
DA:158,114
DA:161,50
DA:162,14
DA:163,14
DA:164,12
DA:165,14
DA:166,32
DA:167,6
DA:168,167
DA:171,77
DA:172,98
DA:173,80
DA:174,173
DA:175,136
DA:193,92
DA:194,26
DA:195,28
DA:196,30
DA:197,30
DA:198,38
DA:199,30
DA:200,36
DA:201,38
DA:202,34
DA:203,28
DA:204,70
DA:205,84
DA:206,4
DA:208,84
DA:209,38
DA:210,28
DA:211,34
DA:212,32
DA:213,38
DA:214,34
DA:215,42
DA:216,36
DA:217,26
DA:218,34
DA:219,54
DA:220,54
DA:221,52
DA:222,54
DA:223,56
DA:224,54
DA:225,42
DA:226,64
DA:227,68
DA:228,70
DA:229,54
DA:230,54
DA:231,46
DA:232,48
DA:233,52
DA:234,54
DA:235,56
DA:236,50
DA:237,58
DA:238,64
DA:239,68
DA:240,70
DA:241,66
DA:242,76
DA:243,72
DA:244,54
DA:245,64
DA:246,86
DA:247,3
DA:249,30
DA:250,28
DA:251,32
DA:252,6
DA:253,14
DA:254,94
DA:255,70
DA:256,88
DA:257,71
DA:261,83
DA:262,104
DA:263,132
DA:264,188
DA:265,91
DA:268,110
DA:269,156
DA:272,67
DA:276,6
DA:277,108
DA:278,108
DA:279,24
DA:280,54
DA:281,108
DA:282,100
DA:283,5
DA:286,53
DA:294,6
DA:295,22
DA:296,30
DA:297,30
DA:298,36
DA:299,52
DA:300,44
DA:301,34
DA:302,50
DA:303,18
DA:304,73
DA:305,43
DA:306,5
DA:307,212
DA:308,48
DA:309,23
DA:310,5
DA:311,190
DA:312,116
DA:313,170
DA:314,167
DA:315,204
DA:316,54
DA:317,68
DA:318,84
DA:319,35
DA:320,32
DA:321,3
DA:322,84
DA:323,220
DA:324,70
DA:325,25
DA:326,9
DA:327,103
DA:328,45
DA:329,5
DA:330,6
DA:331,151
DA:334,74
DA:335,72
DA:336,74
DA:337,129
DA:338,33
DA:339,5
DA:340,56
DA:341,14
DA:342,5
DA:343,63
DA:344,25
DA:345,3
DA:346,32
DA:347,14
DA:348,3
DA:349,14
DA:352,55
DA:353,76
DA:354,11
DA:355,5
DA:356,26
DA:357,36
DA:358,24
DA:359,53
DA:360,172
DA:361,178
DA:362,118
DA:363,114
DA:364,6
DA:365,2
DA:366,5
DA:369,73
DA:370,52
DA:371,242
DA:372,250
DA:373,123
DA:374,13
DA:375,214
DA:376,34
DA:377,168
DA:378,170
DA:379,166
DA:380,170
DA:381,365
DA:384,72
DA:385,322
DA:386,303
DA:389,76
DA:390,421
DA:393,90
DA:394,100
DA:395,108
DA:398,48
DA:399,32
DA:400,36
DA:401,32
DA:402,6
DA:403,188
DA:406,91
DA:407,80
DA:410,106
DA:411,100
DA:412,48
DA:413,115
DA:414,72
DA:415,70
DA:416,5
DA:417,38
DA:420,60
DA:428,6
DA:429,202
DA:430,74
DA:431,135
DA:432,29
DA:433,5
DA:434,138
DA:435,130
DA:436,48
DA:437,6
DA:438,28
DA:439,27
DA:440,3
DA:441,5
DA:442,72
DA:443,104
DA:444,100
DA:445,8
DA:446,62
DA:447,136
DA:448,64
DA:449,58
DA:450,56
DA:451,54
DA:452,220
DA:453,196
DA:454,63
DA:455,75
DA:456,147
DA:457,5
DA:458,67
DA:459,5
DA:460,57
DA:461,71
DA:462,49
DA:463,9
DA:464,66
DA:465,25
DA:466,9
DA:467,139
DA:468,47
DA:469,5
DA:470,43
DA:471,26
DA:472,3
DA:473,5
DA:474,72
DA:475,20
DA:476,5
DA:477,62
DA:478,25
DA:479,5
DA:480,73
DA:481,49
DA:482,5
DA:483,70
DA:484,24
DA:485,5
DA:486,76
DA:487,24
DA:488,5
DA:489,72
DA:490,22
DA:491,5
DA:492,66
DA:493,20
DA:494,5
DA:495,64
DA:496,25
DA:497,5
DA:498,66
DA:499,26
DA:500,5
DA:501,147
DA:502,130
DA:503,5
DA:504,149
DA:505,31
DA:506,3
DA:507,108
DA:508,20
DA:509,3
DA:510,84
DA:511,17
DA:512,3
DA:513,88
DA:514,20
DA:515,3
DA:516,45
DA:517,83
DA:518,3
DA:519,42
DA:520,70
DA:521,22
DA:522,5
DA:523,43
DA:524,19
DA:525,29
DA:526,15
DA:527,48
DA:528,15
DA:529,17
DA:530,3
DA:531,39
DA:532,26
DA:533,3
DA:534,36
DA:535,23
DA:536,3
DA:537,37
DA:538,22
DA:539,3
DA:540,4
DA:541,47
DA:542,30
DA:543,27
DA:544,5
DA:545,64
DA:546,3
DA:547,55
DA:548,21
DA:549,3
DA:550,39
DA:553,51
DA:554,16
DA:555,18
DA:556,14
DA:557,28
DA:558,6
DA:559,38
DA:560,68
DA:561,163
DA:562,76
DA:563,60
DA:564,74
DA:565,60
DA:566,80
DA:567,82
DA:568,82
DA:569,78
DA:570,78
DA:571,78
DA:572,72
DA:573,68
DA:574,64
DA:575,72
DA:576,62
DA:577,64
DA:578,62
DA:579,72
DA:580,66
DA:581,60
DA:582,60
DA:583,68
DA:584,68
DA:585,72
DA:586,66
DA:587,70
DA:588,70
DA:589,68
DA:590,62
DA:591,72
DA:592,62
DA:593,72
DA:594,66
DA:595,74
DA:596,74
DA:597,76
DA:598,70
DA:599,60
DA:600,70
DA:601,92
DA:602,90
DA:603,88
DA:604,88
DA:605,90
DA:606,88
DA:607,76
DA:608,98
DA:609,100
DA:610,108
DA:611,88
DA:612,86
DA:613,80
DA:614,80
DA:615,86
DA:616,90
DA:617,90
DA:618,84
DA:619,94
DA:620,100
DA:621,110
DA:622,106
DA:623,104
DA:624,104
DA:625,110
DA:626,108
DA:627,122
DA:628,88
DA:629,100
DA:630,122
DA:631,8
DA:632,58
DA:633,264
DA:634,148
DA:635,91
DA:638,0
DA:639,0
DA:640,0
DA:641,0
DA:642,0
DA:643,0
DA:644,0
DA:645,0
DA:646,0
DA:647,0
DA:648,0
DA:649,0
DA:650,0
DA:651,0
DA:652,0
DA:653,0
DA:654,0
DA:655,0
DA:656,0
DA:657,0
DA:658,0
DA:659,0
DA:660,0
DA:661,0
DA:662,0
DA:663,0
DA:664,0
DA:665,0
DA:666,0
DA:667,0
DA:668,0
DA:669,0
DA:670,0
DA:671,0
DA:672,0
DA:673,0
DA:674,0
DA:675,0
DA:676,0
DA:677,0
DA:678,0
DA:679,0
DA:680,0
DA:681,0
DA:682,0
DA:683,0
DA:684,0
DA:685,0
DA:686,0
DA:687,0
DA:688,0
DA:689,0
DA:690,0
DA:691,0
DA:692,0
DA:693,0
DA:694,0
DA:695,0
DA:696,0
DA:697,0
DA:698,0
DA:699,0
DA:700,0
DA:701,0
DA:702,0
DA:703,0
DA:704,0
DA:705,0
DA:706,0
DA:707,0
DA:708,0
DA:709,0
DA:710,0
DA:711,0
DA:712,0
DA:713,0
DA:714,0
DA:715,0
DA:716,0
DA:717,0
DA:718,0
DA:719,0
DA:720,0
DA:721,0
DA:722,0
DA:723,0
DA:724,0
DA:725,0
DA:726,0
DA:727,0
DA:728,0
DA:729,0
DA:730,0
DA:731,0
DA:732,0
DA:733,0
DA:734,0
DA:735,0
DA:736,0
DA:737,0
DA:738,0
DA:739,0
DA:740,0
DA:741,0
DA:742,20
DA:746,70
DA:747,64
DA:748,18
DA:749,5
DA:750,63
DA:753,0
DA:754,0
DA:755,0
DA:756,0
DA:757,0
DA:758,0
DA:759,0
DA:760,4
DA:763,0
DA:764,0
DA:765,0
DA:766,0
DA:767,0
DA:768,0
DA:769,0
DA:770,0
DA:771,0
DA:772,0
DA:773,0
DA:774,0
DA:775,0
DA:776,0
DA:777,0
DA:778,0
DA:779,0
DA:780,0
DA:781,0
DA:782,0
DA:783,0
DA:784,0
DA:785,41
DA:788,0
DA:789,164
DA:792,52
DA:793,172
DA:794,220
DA:795,218
DA:796,24
DA:797,16
DA:798,16
DA:799,18
DA:800,86
DA:801,84
DA:802,80
DA:803,5
DA:806,76
DA:807,42
DA:808,70
DA:809,58
DA:810,58
DA:811,74
DA:812,56
DA:813,8
DA:814,36
DA:815,124
DA:816,112
DA:817,112
DA:818,128
DA:819,110
DA:820,8
DA:821,117
DA:822,174
DA:823,197
DA:824,38
DA:825,9
DA:828,47
DA:829,42
DA:830,16
DA:831,21
DA:832,18
DA:833,18
DA:834,19
DA:835,19
DA:836,16
DA:837,18
DA:838,16
DA:839,15
DA:840,18
DA:841,17
DA:842,17
DA:843,24
DA:844,31
DA:845,49
DA:846,31
DA:847,39
DA:848,26
DA:849,35
DA:851,14
DA:1177,1
DA:1179,13
DA:1180,78
DA:1181,48
DA:1182,108
DA:1183,108
DA:1184,78
DA:1185,78
DA:1186,78
DA:1187,90
DA:1188,94
DA:1189,90
DA:1190,154
DA:1191,10
DA:1192,128
DA:1193,144
DA:1194,142
DA:1195,140
DA:1196,148
DA:1197,144
DA:1198,178
DA:1200,98
DA:1201,130
DA:1202,126
DA:1203,122
DA:1204,138
DA:1205,130
DA:1206,134
DA:1207,274
DA:1208,59
DA:1209,9
DA:1210,46
DA:1211,78
DA:1212,74
DA:1213,70
DA:1214,86
DA:1215,78
DA:1216,82
DA:1217,226
DA:1218,50
DA:1221,37
DA:1222,110
[...]
DA:100,22
DA:101,20
DA:102,23
DA:103,6
DA:104,71
DA:105,78
DA:106,47
DA:107,62
DA:108,54
DA:109,51
DA:110,74
DA:111,3
DA:112,2
LF:106
LH:106
end_of_record
TN:
SF:src\render\transition-graph.ts
FNF:8
FNH:7
DA:1,33
DA:4,10
DA:5,23
DA:6,23
DA:7,41
DA:8,42
DA:11,37
DA:12,42
DA:15,45
DA:16,70
DA:17,83
DA:18,22
DA:19,29
DA:20,30
DA:21,30
DA:22,28
DA:23,26
DA:24,29
DA:25,31
DA:26,29
DA:27,27
DA:28,30
DA:29,37
DA:30,0
DA:31,0
DA:32,0
DA:33,0
DA:34,0
DA:35,0
DA:36,0
DA:37,0
DA:38,0
DA:39,0
DA:40,0
DA:41,0
DA:42,0
DA:43,0
DA:44,0
DA:45,0
DA:46,0
DA:47,0
DA:48,0
DA:49,0
DA:50,0
DA:51,0
DA:52,0
DA:53,0
DA:54,0
DA:55,2
DA:56,67
DA:57,86
DA:58,78
DA:59,30
DA:60,49
DA:61,116
DA:62,105
DA:63,51
DA:64,51
DA:65,22
DA:66,56
DA:67,2
DA:68,5
DA:69,22
DA:70,54
DA:71,2
DA:72,5
DA:73,129
DA:74,129
DA:75,65
DA:76,65
DA:77,96
DA:78,14
DA:79,14
DA:80,14
DA:81,22
DA:82,22
DA:83,72
DA:84,1
DA:85,4
DA:86,81
DA:87,0
DA:88,0
DA:89,0
DA:90,4
DA:91,108
DA:92,116
DA:93,32
DA:94,120
DA:95,6
DA:96,4
DA:97,4
DA:98,12
DA:99,58
DA:100,34
DA:101,30
DA:102,15
DA:103,17
DA:104,19
DA:105,28
DA:106,21
DA:107,6
DA:108,21
DA:109,17
DA:110,232
DA:111,114
DA:112,6
DA:113,4
DA:114,6
DA:115,33
DA:116,82
DA:117,21
DA:118,1
DA:121,22
DA:122,121
DA:123,24
DA:124,57
DA:125,36
DA:126,35
DA:127,2
DA:128,29
DA:129,50
DA:130,12
DA:131,12
DA:132,77
DA:133,78
DA:134,78
DA:135,70
DA:136,70
DA:137,92
DA:138,23
DA:139,196
DA:140,30
DA:141,1
DA:142,201
DA:143,200
DA:144,5
DA:145,39
DA:146,42
DA:147,66
DA:148,44
DA:149,48
DA:150,52
DA:151,1
DA:154,10
DA:155,26
DA:156,10
DA:159,10
DA:160,26
DA:161,10
LF:149
LH:121
end_of_record
TN:
SF:src\render\visual-plan.test.ts
FNF:9
FNH:9
DA:1,50
DA:2,100
DA:5,1
DA:6,12
DA:7,9
DA:8,20
DA:9,14
DA:10,15
DA:11,3
DA:12,12
DA:13,15
DA:14,12
DA:15,43
DA:16,34
DA:17,37
DA:18,34
DA:19,39
DA:20,35
DA:21,47
DA:22,38
DA:23,41
DA:24,38
DA:25,43
DA:26,33
DA:27,32
DA:28,32
DA:29,17
DA:30,20
DA:31,20
DA:32,24
DA:33,24
DA:34,17
DA:35,20
DA:36,16
DA:37,17
DA:38,20
DA:39,18
DA:40,34
DA:41,15
DA:42,18
DA:43,15
DA:44,19
DA:45,16
DA:46,19
DA:47,22
DA:48,18
DA:49,23
DA:50,21
DA:51,23
DA:52,33
DA:53,26
DA:54,41
DA:55,46
DA:56,39
DA:57,40
DA:58,45
DA:59,42
DA:60,43
DA:61,2
DA:64,39
DA:65,103
DA:66,27
DA:67,24
DA:68,25
DA:69,25
DA:70,25
DA:71,24
DA:72,25
DA:73,21
DA:74,6
DA:75,22
DA:76,83
DA:77,59
DA:78,66
DA:79,58
DA:80,75
DA:81,4
DA:82,4
DA:84,70
DA:85,53
DA:87,50
DA:88,58
DA:89,59
DA:90,68
DA:91,54
DA:92,4
DA:94,74
DA:95,20
DA:96,9
DA:97,22
DA:98,21
DA:99,20
DA:100,18
DA:101,24
DA:102,27
DA:103,23
DA:104,30
DA:105,25
DA:106,28
DA:107,38
DA:108,33
DA:109,30
DA:110,29
DA:111,32
DA:112,34
DA:113,43
DA:114,30
DA:115,31
DA:116,39
DA:117,31
DA:118,44
DA:119,29
DA:120,43
DA:121,31
DA:122,8
DA:123,9
DA:124,23
DA:125,21
DA:126,20
DA:127,18
DA:128,24
DA:129,27
DA:130,24
DA:131,30
DA:132,22
DA:133,28
DA:134,36
DA:135,37
DA:136,27
DA:137,33
DA:138,34
DA:139,34
DA:140,42
DA:141,30
DA:142,30
DA:143,39
DA:144,31
DA:145,45
DA:146,30
DA:147,43
DA:148,31
DA:149,5
DA:150,6
DA:152,58
DA:154,30
DA:155,30
DA:156,31
DA:157,29
DA:158,4
DA:160,109
DA:161,31
DA:162,22
DA:163,49
DA:164,60
DA:165,4
DA:166,50
DA:167,60
DA:168,4
DA:170,70
DA:172,56
DA:173,152
DA:174,4
DA:176,90
DA:177,24
DA:178,22
DA:179,49
DA:180,63
DA:181,24
DA:182,14
DA:183,40
DA:184,36
DA:185,7
DA:186,4
DA:188,70
DA:189,74
DA:191,51
DA:192,64
DA:193,108
DA:194,3
DA:195,2
LF:180
LH:180
end_of_record
TN:
SF:src\render\visual-plan.ts
FNF:35
FNH:35
DA:1,33
DA:12,12
DA:13,79
DA:16,12
DA:17,60
DA:18,32
DA:19,0
DA:20,2
DA:21,55
DA:22,106
DA:23,18
DA:26,6
DA:27,15
DA:28,13
DA:29,14
DA:30,10
DA:31,8
DA:32,3
DA:33,41
DA:34,51
DA:35,97
DA:36,28
DA:37,4
DA:38,39
DA:39,38
DA:40,36
DA:41,3
DA:42,3
DA:43,4
DA:44,20
DA:45,7
DA:46,111
DA:47,8
DA:48,82
DA:49,7
DA:50,21
DA:51,22
DA:52,22
DA:53,33
DA:54,6
DA:55,20
DA:56,23
DA:57,23
DA:58,101
DA:59,11
DA:60,69
DA:61,7
DA:62,106
DA:63,4
DA:64,30
DA:65,44
DA:66,32
DA:69,6
DA:70,15
DA:71,13
DA:72,14
DA:73,10
DA:74,8
DA:75,3
DA:76,44
DA:77,0
DA:78,2
DA:79,34
DA:80,0
DA:81,2
DA:82,96
DA:83,13
DA:84,2
DA:85,97
DA:86,14
DA:87,0
DA:88,0
DA:89,0
DA:90,0
DA:91,0
DA:94,12
DA:95,25
DA:96,14
DA:97,16
DA:98,15
DA:99,12
DA:100,0
DA:101,5
DA:102,13
DA:103,17
DA:104,18
DA:105,16
DA:106,14
DA:107,12
DA:111,39
DA:112,25
DA:113,14
DA:114,50
DA:115,15
DA:116,63
DA:117,0
DA:118,5
DA:119,13
DA:120,26
DA:121,18
DA:122,71
DA:123,14
DA:124,62
DA:128,1
DA:129,8
DA:130,15
DA:131,13
DA:132,14
DA:133,10
DA:134,3
DA:135,20
DA:136,0
DA:137,5
DA:138,13
DA:139,19
DA:140,18
DA:141,23
DA:142,16
DA:143,14
DA:144,18
DA:145,26
DA:147,23
DA:148,0
DA:149,6
DA:150,33
DA:151,17
DA:152,0
DA:153,0
DA:154,0
DA:155,0
DA:156,0
DA:160,12
DA:161,25
DA:162,14
DA:163,16
DA:164,15
DA:165,11
DA:166,0
DA:167,5
DA:168,13
DA:169,16
DA:170,18
DA:171,16
DA:172,14
DA:173,11
DA:177,12
DA:178,25
DA:179,14
DA:180,19
DA:181,15
DA:182,14
DA:183,0
DA:184,5
DA:185,13
DA:186,19
DA:187,18
DA:188,19
DA:189,14
DA:190,14
DA:194,12
DA:195,25
DA:196,13
DA:197,20
DA:198,18
DA:199,17
DA:200,0
DA:201,5
DA:202,16
DA:203,14
DA:204,23
DA:205,26
DA:207,15
DA:211,12
DA:212,25
DA:213,13
DA:214,19
DA:215,5
DA:216,15
DA:217,31
DA:219,13
DA:223,12
DA:224,25
DA:225,13
DA:226,13
DA:227,5
DA:228,18
DA:229,23
DA:230,16
DA:231,14
DA:232,21
DA:233,26
DA:235,13
DA:239,12
DA:240,20
DA:241,0
DA:242,5
DA:243,13
DA:244,16
DA:245,18
DA:246,16
DA:247,16
DA:248,14
DA:249,16
DA:250,26
DA:252,8
DA:256,1
DA:257,8
DA:258,18
DA:259,18
DA:260,3
DA:261,60
DA:262,63
DA:263,2
DA:264,13
DA:267,12
DA:268,25
DA:269,16
DA:270,14
DA:271,16
DA:272,18
DA:273,16
DA:274,15
DA:275,11
DA:276,0
DA:277,5
DA:278,13
DA:279,11
DA:283,12
DA:284,25
DA:285,16
DA:286,14
DA:287,16
DA:288,18
DA:289,16
DA:290,15
DA:291,11
DA:292,0
DA:293,5
DA:294,13
DA:295,12
DA:299,14
DA:303,3
DA:304,31
DA:305,0
DA:306,2
DA:308,30
DA:309,77
DA:310,28
DA:311,4
DA:312,18
DA:313,21
DA:314,28
DA:315,78
DA:317,91
DA:318,79
DA:319,60
DA:320,80
DA:321,72
DA:322,74
DA:323,165
DA:324,110
DA:325,38
DA:326,51
DA:327,72
DA:328,124
DA:329,33
DA:330,40
DA:331,38
DA:332,75
DA:333,39
DA:334,4
DA:335,29
DA:336,18
DA:337,29
DA:338,26
DA:339,13
DA:340,31
DA:341,52
DA:342,32
DA:343,29
DA:344,0
DA:345,0
DA:346,4
DA:347,112
DA:348,66
DA:349,29
DA:350,48
DA:351,48
DA:352,5
DA:353,101
DA:354,124
DA:355,41
DA:356,109
DA:357,31
DA:358,16
DA:359,17
DA:360,17
DA:361,15
DA:362,15
DA:363,13
DA:364,13
DA:365,20
DA:366,29
DA:367,53
DA:368,43
DA:369,43
DA:370,72
DA:371,23
DA:372,39
DA:373,47
DA:374,47
DA:375,26
DA:376,35
DA:377,23
DA:378,23
DA:379,32
DA:380,70
DA:381,113
DA:382,136
DA:383,79
DA:384,61
DA:385,30
DA:386,7
DA:387,75
DA:388,26
DA:389,2
DA:391,12
DA:394,18
DA:399,3
DA:400,28
DA:401,0
DA:402,0
DA:403,0
DA:404,0
DA:405,0
DA:406,0
DA:407,2
DA:408,69
DA:409,12
DA:410,71
DA:411,77
DA:412,91
DA:413,57
DA:414,2
DA:417,34
DA:418,59
DA:419,22
DA:420,71
DA:421,7
DA:422,39
DA:423,78
DA:424,7
DA:425,21
DA:426,4
DA:427,35
DA:428,2
DA:429,14
DA:432,6
DA:433,12
DA:434,12
DA:435,3
DA:436,29
DA:437,3
DA:438,95
DA:439,4
DA:440,78
DA:441,12
DA:442,0
DA:443,0
DA:444,0
DA:445,0
DA:446,0
DA:447,0
DA:448,0
DA:449,0
DA:450,0
DA:451,0
DA:452,0
DA:453,0
DA:454,0
DA:455,0
DA:456,0
DA:457,0
DA:458,0
DA:459,0
DA:460,0
DA:461,0
DA:462,0
DA:463,0
DA:464,0
DA:465,2
DA:467,12
DA:468,15
DA:469,16
DA:470,26
DA:471,44
DA:472,34
DA:473,34
DA:474,36
DA:475,46
DA:476,30
DA:477,38
DA:478,38
DA:479,52
DA:480,70
DA:481,46
DA:482,46
DA:483,64
DA:484,46
DA:485,68
DA:486,48
DA:487,70
DA:488,49
DA:489,1
LF:414
LH:359
end_of_record
TN:
SF:src\render\window-stats.test.ts
FNF:3
FNH:3
DA:1,50
DA:2,128
DA:7,41
DA:8,56
DA:9,54
DA:10,44
DA:13,32
DA:14,88
DA:15,120
DA:16,49
DA:17,20
DA:18,24
DA:19,30
DA:20,32
DA:21,30
DA:22,35
DA:23,22
DA:24,7
DA:25,49
DA:26,20
DA:27,24
DA:28,30
DA:29,31
DA:30,30
DA:31,36
DA:32,22
DA:33,7
DA:34,67
DA:35,56
DA:36,62
DA:37,78
DA:38,57
DA:39,46
DA:40,63
DA:41,4
DA:43,63
DA:44,44
DA:45,159
DA:46,54
DA:47,56
DA:48,63
DA:49,54
DA:50,3
DA:51,2
LF:44
LH:44
end_of_record
TN:
SF:src\render\window-stats.ts
FNF:3
FNH:3
DA:15,6
DA:16,12
DA:17,6
DA:18,3
DA:19,12
DA:20,15
DA:21,18
DA:22,23
DA:23,29
DA:24,32
DA:25,31
DA:26,36
DA:27,49
DA:28,42
DA:29,2
DA:32,6
DA:33,13
DA:34,8
DA:35,3
DA:36,44
DA:37,39
DA:38,73
DA:39,85
DA:40,91
DA:41,89
DA:42,90
DA:43,77
DA:44,89
DA:45,19
DA:48,22
DA:49,12
DA:50,39
DA:51,39
DA:52,24
DA:53,20
DA:54,23
DA:55,84
DA:56,96
DA:57,102
DA:58,100
DA:59,119
DA:60,101
DA:61,43
DA:62,48
DA:63,1
LF:45
LH:45
end_of_record
TN:
SF:src\types.ts
FNF:1
FNH:1
DA:131,32
DA:132,14
DA:133,17
DA:134,18
DA:135,23
DA:136,14
DA:137,18
DA:138,16
DA:139,19
DA:140,20
DA:141,23
DA:142,21
DA:143,19
DA:144,2
DA:146,40
DA:147,19
DA:148,23
DA:149,19
DA:150,2
DA:151,50
DA:152,16
DA:153,18
DA:154,21
DA:155,17
DA:156,18
DA:157,2
DA:160,16
DA:161,48
DA:162,19
DA:163,2
DA:164,58
DA:165,29
DA:166,2
DA:167,18
DA:170,34
DA:171,18
DA:172,15
DA:173,17
DA:174,18
DA:175,20
DA:176,23
DA:177,24
DA:178,21
DA:179,27
DA:180,18
DA:181,21
DA:182,15
DA:183,22
DA:184,19
DA:185,21
DA:186,24
DA:187,22
DA:188,24
DA:189,20
DA:190,20
DA:191,22
DA:192,22
DA:193,18
DA:194,23
DA:195,17
DA:196,2
DA:198,38
DA:199,41
DA:200,45
DA:201,37
DA:202,33
DA:203,40
DA:204,33
DA:205,42
DA:206,40
DA:207,41
DA:208,22
DA:209,2
DA:211,32
DA:212,37
DA:213,44
DA:214,41
DA:215,39
DA:216,41
DA:217,46
DA:218,40
DA:219,41
DA:220,43
DA:221,36
DA:222,2
DA:224,34
DA:225,22
DA:226,23
DA:227,25
DA:228,21
DA:229,22
DA:230,23
DA:231,22
DA:232,28
DA:233,23
DA:234,23
DA:235,24
DA:236,21
DA:237,23
DA:238,22
DA:239,21
DA:240,27
DA:241,23
DA:242,22
DA:243,24
DA:244,26
DA:245,24
DA:246,29
DA:247,24
DA:248,25
DA:249,26
DA:250,20
DA:251,24
DA:252,22
DA:253,20
DA:254,20
DA:255,26
DA:256,23
DA:257,25
DA:258,28
DA:259,25
DA:260,23
DA:261,18
DA:262,21
DA:263,23
DA:264,25
DA:265,22
DA:266,22
DA:267,23
DA:268,25
DA:269,24
DA:270,26
DA:271,21
DA:272,27
DA:273,27
DA:274,22
DA:275,2
DA:609,37
DA:610,10
DA:611,13
DA:612,10
DA:613,13
DA:614,9
DA:615,14
DA:616,17
DA:617,18
DA:618,18
DA:619,16
DA:620,14
DA:621,17
DA:622,19
DA:623,17
DA:624,15
DA:625,18
DA:626,15
DA:627,15
DA:628,14
DA:629,19
DA:630,16
DA:631,13
DA:632,14
DA:633,15
DA:634,15
DA:635,19
DA:636,15
DA:637,18
DA:638,19
DA:639,17
DA:640,14
DA:641,19
DA:642,14
DA:643,17
DA:644,16
DA:645,19
DA:646,17
DA:647,21
DA:648,18
DA:649,13
DA:650,17
DA:651,27
DA:652,27
DA:653,26
DA:654,27
DA:655,28
DA:656,27
DA:657,21
DA:658,32
DA:659,34
DA:660,35
DA:661,27
DA:662,27
DA:663,23
DA:664,24
DA:665,26
DA:666,27
DA:667,28
DA:668,25
DA:669,29
DA:670,32
DA:671,35
DA:672,34
DA:673,35
DA:674,33
DA:675,38
DA:676,36
DA:677,44
DA:678,27
DA:679,32
DA:680,43
DA:681,2
DA:1181,40
DA:1182,38
DA:1183,32
DA:1184,35
DA:1185,34
DA:1186,35
DA:1187,39
DA:1188,35
DA:1189,32
DA:1190,38
DA:1191,44
DA:1192,33
DA:1193,34
DA:1194,30
DA:1195,39
DA:1196,39
DA:1197,34
DA:1198,34
DA:1199,37
DA:1200,37
DA:1201,37
DA:1202,38
DA:1203,32
DA:1204,36
DA:1205,40
DA:1206,35
DA:1207,37
DA:1208,43
DA:1209,43
DA:1210,42
DA:1211,42
DA:1212,32
DA:1213,36
DA:1214,41
DA:1215,43
DA:1216,45
DA:1217,39
DA:1218,38
DA:1219,44
DA:1220,40
DA:1221,46
DA:1222,43
DA:1223,37
DA:1224,40
DA:1225,44
DA:1226,41
DA:1227,39
DA:1228,40
DA:1229,37
DA:1230,36
DA:1231,43
DA:1232,1
LF:262
LH:262
end_of_record
TN:
SF:src\utils\debug.test.ts
FNF:4
FNH:4
DA:1,50
DA:2,55
DA:3,29
DA:4,59
DA:7,35
DA:8,85
DA:9,41
DA:10,49
DA:11,49
DA:12,65
DA:14,60
DA:15,54
DA:16,47
DA:17,22
DA:18,17
DA:19,27
DA:20,41
DA:21,49
DA:22,28
DA:23,34
DA:24,21
DA:25,27
DA:26,23
DA:27,19
DA:28,22
DA:29,29
DA:30,20
DA:31,18
DA:32,22
DA:33,23
DA:34,23
DA:35,23
DA:36,22
DA:37,24
DA:38,23
DA:39,26
DA:40,25
DA:41,31
DA:42,43
DA:43,30
DA:44,26
DA:45,36
DA:46,32
DA:47,35
DA:48,34
DA:49,31
DA:50,6
DA:51,6
DA:52,35
DA:53,79
DA:54,56
DA:55,48
DA:56,56
DA:57,3
DA:58,2
LF:55
LH:55
end_of_record
TN:
SF:src\utils\debug.ts
FNF:62
FNH:36
DA:1,58
DA:2,89
DA:5,46
DA:6,73
DA:9,71
DA:10,121
DA:13,44
DA:14,90
DA:17,35
DA:18,97
DA:21,49
DA:22,44
DA:23,182
DA:24,52
DA:25,5
DA:26,100
DA:27,50
DA:28,5
DA:29,174
DA:30,56
DA:31,5
DA:32,184
DA:33,59
DA:34,5
DA:35,174
DA:36,47
DA:37,5
DA:38,138
DA:39,60
DA:40,5
DA:41,188
DA:42,61
DA:43,5
DA:44,234
DA:45,52
DA:46,5
DA:47,188
DA:48,38
DA:49,5
DA:50,434
DA:51,46
DA:52,5
DA:53,328
DA:54,50
DA:55,5
DA:56,228
DA:57,55
DA:58,5
DA:59,68
DA:60,30
DA:61,5
DA:62,33
DA:65,61
DA:66,90
DA:67,114
DA:68,11
DA:69,155
DA:70,6
DA:71,11
DA:72,243
DA:73,6
DA:74,11
DA:75,203
DA:76,6
DA:77,11
DA:78,119
DA:79,6
DA:80,9
DA:81,5
DA:83,22
DA:84,440
DA:85,8
DA:86,22
DA:87,664
DA:88,8
DA:89,22
DA:90,436
DA:91,8
DA:92,22
DA:93,1712
DA:94,8
DA:95,22
DA:96,1590
DA:97,8
DA:98,22
DA:99,1592
DA:100,8
DA:101,22
DA:102,1788
DA:103,8
DA:104,22
DA:105,1858
DA:106,8
DA:107,22
DA:108,1176
DA:109,8
DA:110,22
DA:111,2218
DA:112,8
DA:113,22
DA:114,506
DA:115,8
DA:118,45
DA:119,64
DA:120,34
DA:122,43
DA:123,80
DA:124,22
DA:125,62
DA:126,14
DA:127,54
DA:128,26
DA:129,92
DA:130,22
DA:134,24
DA:135,55
DA:138,30
DA:139,88
DA:141,2
DA:143,65
DA:144,38
DA:145,60
DA:146,170
DA:147,8
DA:148,76
DA:149,34
DA:150,48
DA:151,96
DA:152,132
DA:153,140
DA:154,158
DA:155,90
DA:156,144
DA:157,132
DA:158,112
DA:159,114
DA:160,334
DA:161,48
DA:162,75
DA:163,81
DA:164,92
DA:165,83
DA:166,5
DA:167,34
DA:168,64
DA:169,29
DA:170,45
DA:171,166
DA:172,5
DA:173,17
DA:174,5
DA:175,44
DA:176,112
DA:177,140
DA:178,154
DA:179,158
DA:180,132
DA:181,96
DA:182,96
DA:183,138
DA:184,166
DA:185,150
DA:186,22
DA:187,214
DA:188,8
DA:189,152
DA:190,166
DA:191,84
DA:192,11
DA:193,0
DA:194,149
DA:195,14
DA:196,4
DA:197,5
DA:198,44
DA:199,19
DA:200,26
DA:201,58
DA:202,68
DA:203,55
DA:204,68
DA:205,54
DA:206,70
DA:207,110
DA:208,5
DA:209,34
DA:210,60
DA:211,93
DA:212,124
DA:213,5
DA:214,34
DA:215,60
DA:216,86
DA:217,11
DA:218,2257
DA:219,4
DA:220,5
DA:221,34
DA:222,71
DA:223,214
DA:224,82
DA:225,136
DA:226,98
DA:227,32
DA:228,86
DA:229,206
DA:230,0
DA:231,0
DA:232,74
DA:233,32
DA:234,74
DA:235,174
DA:236,165
DA:237,32
DA:238,86
DA:239,106
DA:240,121
DA:241,32
DA:242,90
DA:243,124
DA:244,86
DA:245,32
DA:246,98
DA:247,124
DA:248,151
DA:249,32
DA:250,76
DA:251,128
DA:252,90
DA:253,32
DA:254,114
DA:255,77
DA:256,104
DA:257,32
DA:258,94
DA:259,124
DA:260,86
DA:261,32
DA:262,214
DA:263,166
DA:264,231
DA:265,207
DA:266,60
DA:267,50
DA:268,48
DA:269,11
DA:270,11
DA:271,167
DA:272,10
DA:273,8
DA:274,19
DA:275,9
DA:276,54
DA:277,64
DA:278,292
DA:279,9
DA:280,68
DA:281,321
DA:282,9
DA:283,56
DA:284,459
DA:285,9
DA:286,68
DA:287,317
DA:288,9
DA:289,79
DA:290,686
DA:291,9
DA:292,87
DA:293,880
DA:294,9
DA:295,58
DA:296,367
DA:297,9
DA:298,86
DA:299,317
DA:300,9
DA:301,83
DA:302,654
DA:303,9
DA:304,80
DA:305,90
DA:306,76
DA:307,36
DA:308,79
DA:309,91
DA:310,168
DA:311,159
DA:312,189
DA:313,42
DA:314,76
DA:315,362
DA:316,132
DA:317,172
DA:318,133
DA:319,9
DA:320,56
DA:321,236
DA:322,244
DA:323,222
DA:324,230
DA:325,226
DA:326,226
DA:327,236
DA:328,316
DA:329,12
DA:330,38
DA:331,64
DA:332,148
DA:333,164
DA:334,152
DA:335,168
DA:336,156
DA:337,160
DA:338,176
DA:339,180
DA:340,124
DA:341,174
DA:342,265
DA:343,347
DA:344,34
DA:345,5
DA:346,48
DA:347,83
DA:348,66
DA:349,5
DA:351,110
DA:352,117
LF:328
LH:325
end_of_record
TN:
SF:src\utils\fs.test.ts
FNF:9
FNH:9
DA:1,61
DA:2,52
DA:3,29
DA:4,33
DA:5,47
DA:7,23
DA:9,9
DA:10,115
DA:11,25
DA:12,61
DA:13,75
DA:14,11
DA:17,16
DA:18,47
DA:19,37
DA:20,49
DA:21,11
DA:22,36
DA:23,41
DA:24,15
DA:25,51
DA:27,30
DA:28,2
DA:31,2
DA:32,32
DA:33,37
DA:34,11
DA:35,42
DA:37,3
DA:39,31
DA:40,62
DA:41,55
DA:42,46
DA:43,33
DA:44,39
DA:45,39
DA:46,49
DA:47,4
DA:49,63
DA:50,52
DA:51,38
DA:52,46
DA:53,33
DA:54,38
DA:55,43
DA:56,48
DA:57,3
DA:58,2
LF:48
LH:48
end_of_record
TN:
SF:src\utils\fs.ts
FNF:14
FNH:8
DA:1,68
DA:2,33
DA:3,29
DA:6,0
DA:7,1
DA:10,0
DA:11,0
DA:12,0
DA:13,0
DA:14,0
DA:15,0
DA:16,0
DA:17,0
DA:18,0
DA:19,0
DA:20,0
DA:21,0
DA:22,0
DA:23,1
DA:26,18
DA:27,9
DA:28,25
DA:29,12
DA:30,11
DA:31,12
DA:35,0
DA:39,0
DA:40,0
DA:41,0
DA:42,0
DA:43,0
DA:47,0
DA:48,0
DA:52,11
DA:53,52
DA:56,21
DA:57,19
DA:58,16
DA:59,44
DA:60,16
DA:61,0
DA:62,4
DA:63,18
DA:64,11
DA:65,39
DA:66,29
DA:67,0
DA:68,0
DA:69,0
DA:70,0
DA:71,0
DA:73,0
DA:74,0
DA:77,0
DA:78,0
DA:79,0
DA:80,0
DA:81,0
DA:82,0
DA:83,0
DA:84,1
DA:87,17
DA:88,45
DA:89,14
DA:90,15
DA:91,14
DA:92,25
DA:93,18
DA:94,21
DA:95,17
DA:96,1
DA:97,2
DA:98,53
DA:99,64
DA:100,22
DA:101,14
DA:102,15
DA:103,14
DA:104,35
DA:105,21
DA:106,18
DA:107,1
DA:108,0
DA:110,0
DA:111,0
DA:112,0
DA:113,0
DA:114,0
DA:115,0
DA:116,0
DA:117,0
DA:118,0
DA:119,0
DA:120,0
DA:121,0
DA:122,0
DA:123,0
DA:125,0
DA:126,0
DA:127,0
DA:128,0
DA:129,0
DA:130,0
DA:131,0
DA:132,0
DA:133,0
DA:134,0
DA:135,0
DA:137,0
DA:138,0
DA:139,0
DA:140,0
DA:141,0
DA:142,0
DA:143,0
DA:144,0
DA:145,0
DA:146,0
DA:147,0
DA:149,0
DA:150,0
DA:151,0
DA:152,0
DA:153,0
DA:154,0
DA:155,0
DA:156,0
DA:157,0
DA:158,0
DA:159,0
LF:130
LH:45
end_of_record
TN:
SF:src\utils\process.ts
FNF:6
FNH:6
DA:1,13
DA:2,66
DA:5,6
DA:6,9
DA:7,10
DA:11,3
DA:12,3
DA:13,37
DA:14,21
DA:15,37
DA:16,34
DA:17,5
DA:19,22
DA:20,76
DA:21,69
DA:22,2
DA:23,22
DA:24,76
DA:25,69
DA:26,2
DA:28,100
DA:30,24
DA:31,16
DA:32,90
DA:33,1
DA:34,2
DA:36,25
LF:27
LH:27
end_of_record
TN:
SF:src\utils\progress.test.ts
FNF:5
FNH:5
DA:1,61
DA:2,42
DA:4,44
DA:5,44
DA:6,18
DA:7,18
DA:9,17
DA:10,61
DA:11,61
DA:12,20
DA:13,19
DA:14,3
DA:16,33
DA:17,68
DA:18,89
DA:19,89
DA:20,38
DA:21,32
DA:22,35
DA:23,30
DA:24,26
DA:25,26
DA:26,50
DA:27,46
DA:28,46
DA:29,44
DA:30,3
DA:31,2
LF:28
LH:28
end_of_record
TN:
SF:src\utils\progress.ts
FNF:10
FNH:8
DA:1,105
DA:3,0
DA:4,0
DA:5,0
DA:6,0
DA:7,0
DA:8,29
DA:11,41
DA:12,32
DA:13,38
DA:14,42
DA:15,49
DA:17,34
DA:18,46
DA:19,60
DA:22,72
DA:23,54
DA:24,163
DA:25,17
DA:26,5
DA:28,50
DA:29,53
DA:30,68
DA:31,41
DA:32,44
DA:33,101
DA:36,38
DA:37,50
DA:40,21
DA:41,53
DA:42,17
DA:43,9
DA:44,136
DA:45,46
DA:48,36
DA:49,34
DA:50,78
DA:53,34
DA:54,34
DA:55,78
DA:58,34
DA:59,34
DA:60,78
DA:63,30
DA:64,70
DA:65,169
DA:66,96
DA:67,49
DA:69,2
LF:49
LH:44
end_of_record
TN:
SF:test\fixtures\diagnostic\seeded-continuity-scenarios.ts
FNF:1
FNH:1
DA:8,45
DA:9,5
DA:10,20
DA:11,117
DA:12,52
DA:13,4
DA:14,5
DA:15,26
DA:16,111
DA:17,44
DA:18,38
DA:19,4
DA:20,5
DA:21,26
DA:22,113
DA:23,53
DA:24,2
DA:25,1
LF:18
LH:18
end_of_record
TN:
SF:test\helpers\audio-fixtures.ts
FNF:21
FNH:21
DA:1,56
DA:2,29
DA:3,33
DA:19,26
DA:20,22
DA:22,10
DA:23,23
DA:24,12
DA:25,14
DA:26,15
DA:27,15
DA:28,12
DA:29,15
DA:30,13
DA:31,11
DA:35,16
DA:36,29
DA:37,12
DA:38,16
DA:39,15
DA:40,16
DA:41,13
DA:42,11
DA:46,1
DA:47,9
DA:48,10
DA:49,13
DA:50,6
DA:51,11
DA:52,13
DA:53,3
DA:54,40
DA:55,64
DA:56,91
DA:57,70
DA:58,50
DA:59,37
DA:60,55
DA:61,137
DA:62,62
DA:63,1
DA:66,64
DA:67,64
DA:68,91
DA:69,19
DA:70,70
DA:71,50
DA:72,34
DA:73,126
DA:74,47
DA:75,21
DA:76,51
DA:77,1
DA:80,48
DA:81,64
DA:82,73
DA:83,40
DA:84,70
DA:85,40
DA:86,67
DA:87,62
DA:88,102
DA:89,1
DA:92,47
DA:93,63
DA:94,72
DA:95,70
DA:96,70
DA:97,59
DA:98,31
DA:99,1
DA:102,13
DA:103,59
DA:104,67
DA:105,1
DA:108,13
DA:109,47
DA:110,59
DA:111,60
DA:112,57
DA:113,2
DA:115,34
DA:116,35
DA:117,43
DA:118,35
DA:119,36
DA:120,31
DA:121,30
DA:122,30
DA:123,40
DA:124,44
DA:125,30
DA:126,31
DA:127,36
DA:128,39
DA:129,35
DA:132,11
DA:133,112
DA:134,40
DA:135,24
DA:136,10
DA:139,1
DA:140,9
DA:141,10
DA:142,8
DA:143,5
DA:144,12
DA:145,30
DA:146,3
DA:147,34
DA:148,47
DA:149,72
DA:150,51
DA:151,54
DA:152,30
DA:153,10
DA:154,4
DA:155,63
DA:157,32
DA:158,58
DA:159,24
DA:160,79
DA:161,63
DA:162,6
DA:163,84
DA:164,4
DA:166,33
DA:167,97
DA:168,92
DA:169,2
DA:170,2
DA:172,30
DA:173,57
DA:174,55
DA:175,1
DA:178,10
DA:179,23
DA:180,25
DA:181,35
DA:182,64
DA:183,53
DA:184,44
DA:185,70
DA:186,5
DA:187,35
DA:188,38
DA:189,64
DA:190,47
DA:191,47
DA:192,63
DA:193,47
DA:194,69
DA:195,5
DA:196,31
DA:197,38
DA:198,64
DA:199,52
DA:200,55
DA:201,46
DA:202,70
DA:203,5
DA:204,27
DA:205,34
DA:206,64
DA:207,32
DA:208,5
DA:209,21
DA:210,35
DA:211,64
DA:212,56
DA:213,42
DA:214,32
DA:215,30
DA:216,70
DA:217,57
DA:218,79
DA:219,6
DA:220,8
DA:221,74
DA:222,1
DA:226,14
DA:227,40
DA:228,116
DA:229,24
DA:230,51
DA:231,55
DA:232,12
DA:233,9
DA:234,21
DA:235,28
DA:236,16
DA:237,8
DA:238,26
DA:239,23
DA:240,2
DA:243,32
DA:244,40
DA:245,51
DA:246,51
DA:247,18
DA:250,10
DA:251,56
DA:252,11
DA:253,52
DA:254,3
DA:257,4
LF:206
LH:206
end_of_record
